[0.081s] DEBUG:colcon:Command line arguments: ['/usr/bin/colcon', 'build']
[0.081s] DEBUG:colcon:Parsed command line arguments: Namespace(log_base=None, log_level=None, verb_name='build', build_base='build', install_base='install', merge_install=False, symlink_install=False, test_result_base=None, continue_on_error=False, executor='parallel', parallel_workers=16, event_handlers=None, ignore_user_meta=False, metas=['./colcon.meta'], base_paths=['.'], packages_ignore=None, packages_ignore_regex=None, paths=None, packages_up_to=None, packages_up_to_regex=None, packages_above=None, packages_above_and_dependencies=None, packages_above_depth=None, packages_select_by_dep=None, packages_skip_by_dep=None, packages_skip_up_to=None, packages_select_build_failed=False, packages_skip_build_finished=False, packages_select_test_failures=False, packages_skip_test_passed=False, packages_select=None, packages_skip=None, packages_select_regex=None, packages_skip_regex=None, packages_start=None, packages_end=None, allow_overriding=[], cmake_args=None, cmake_target=None, cmake_target_skip_unavailable=False, cmake_clean_cache=False, cmake_clean_first=False, cmake_force_configure=False, ament_cmake_args=None, catkin_cmake_args=None, catkin_skip_building_tests=False, verb_parser=<colcon_defaults.argument_parser.defaults.DefaultArgumentsDecorator object at 0x71fd8fc1ad70>, verb_extension=<colcon_core.verb.build.BuildVerb object at 0x71fd8fc1a800>, main=<bound method BuildVerb.main of <colcon_core.verb.build.BuildVerb object at 0x71fd8fc1a800>>)
[0.198s] Level 1:colcon.colcon_core.package_discovery:discover_packages(colcon_meta) check parameters
[0.198s] Level 1:colcon.colcon_core.package_discovery:discover_packages(recursive) check parameters
[0.198s] Level 1:colcon.colcon_core.package_discovery:discover_packages(ignore) check parameters
[0.198s] Level 1:colcon.colcon_core.package_discovery:discover_packages(path) check parameters
[0.198s] Level 1:colcon.colcon_core.package_discovery:discover_packages(colcon_meta) discover
[0.198s] Level 1:colcon.colcon_core.package_discovery:discover_packages(recursive) discover
[0.198s] INFO:colcon.colcon_core.package_discovery:Crawling recursively for packages in '/home/quella/ROS2Demo/object/object_pkg'
[0.199s] Level 1:colcon.colcon_core.package_identification:_identify(.) by extensions ['ignore', 'ignore_ament_install']
[0.199s] Level 1:colcon.colcon_core.package_identification:_identify(.) by extension 'ignore'
[0.199s] Level 1:colcon.colcon_core.package_identification:_identify(.) by extension 'ignore_ament_install'
[0.199s] Level 1:colcon.colcon_core.package_identification:_identify(.) by extensions ['colcon_pkg']
[0.199s] Level 1:colcon.colcon_core.package_identification:_identify(.) by extension 'colcon_pkg'
[0.199s] Level 1:colcon.colcon_core.package_identification:_identify(.) by extensions ['colcon_meta']
[0.199s] Level 1:colcon.colcon_core.package_identification:_identify(.) by extension 'colcon_meta'
[0.199s] Level 1:colcon.colcon_core.package_identification:_identify(.) by extensions ['ros']
[0.199s] Level 1:colcon.colcon_core.package_identification:_identify(.) by extension 'ros'
[0.210s] DEBUG:colcon.colcon_core.package_identification:Package '.' with type 'ros.ament_cmake' and name 'object_pkg'
[0.210s] Level 1:colcon.colcon_core.package_discovery:discover_packages(recursive) using defaults
[0.210s] Level 1:colcon.colcon_core.package_discovery:discover_packages(ignore) discover
[0.210s] Level 1:colcon.colcon_core.package_discovery:discover_packages(ignore) using defaults
[0.210s] Level 1:colcon.colcon_core.package_discovery:discover_packages(path) discover
[0.210s] Level 1:colcon.colcon_core.package_discovery:discover_packages(path) using defaults
[0.226s] Level 1:colcon.colcon_core.package_discovery:discover_packages(prefix_path) check parameters
[0.226s] Level 1:colcon.colcon_core.package_discovery:discover_packages(prefix_path) discover
[0.227s] DEBUG:colcon.colcon_installed_package_information.package_discovery:Found 1 installed packages in /home/quella/ROS2Demo/object/object_pkg/install
[0.228s] DEBUG:colcon.colcon_installed_package_information.package_discovery:Found 271 installed packages in /opt/ros/humble
[0.229s] Level 1:colcon.colcon_core.package_discovery:discover_packages(prefix_path) using defaults
[0.265s] Level 5:colcon.colcon_core.verb:set package 'object_pkg' build argument 'cmake_args' from command line to 'None'
[0.265s] Level 5:colcon.colcon_core.verb:set package 'object_pkg' build argument 'cmake_target' from command line to 'None'
[0.265s] Level 5:colcon.colcon_core.verb:set package 'object_pkg' build argument 'cmake_target_skip_unavailable' from command line to 'False'
[0.266s] Level 5:colcon.colcon_core.verb:set package 'object_pkg' build argument 'cmake_clean_cache' from command line to 'False'
[0.266s] Level 5:colcon.colcon_core.verb:set package 'object_pkg' build argument 'cmake_clean_first' from command line to 'False'
[0.266s] Level 5:colcon.colcon_core.verb:set package 'object_pkg' build argument 'cmake_force_configure' from command line to 'False'
[0.266s] Level 5:colcon.colcon_core.verb:set package 'object_pkg' build argument 'ament_cmake_args' from command line to 'None'
[0.266s] Level 5:colcon.colcon_core.verb:set package 'object_pkg' build argument 'catkin_cmake_args' from command line to 'None'
[0.266s] Level 5:colcon.colcon_core.verb:set package 'object_pkg' build argument 'catkin_skip_building_tests' from command line to 'False'
[0.266s] DEBUG:colcon.colcon_core.verb:Building package 'object_pkg' with the following arguments: {'ament_cmake_args': None, 'build_base': '/home/quella/ROS2Demo/object/object_pkg/build/object_pkg', 'catkin_cmake_args': None, 'catkin_skip_building_tests': False, 'cmake_args': None, 'cmake_clean_cache': False, 'cmake_clean_first': False, 'cmake_force_configure': False, 'cmake_target': None, 'cmake_target_skip_unavailable': False, 'install_base': '/home/quella/ROS2Demo/object/object_pkg/install/object_pkg', 'merge_install': False, 'path': '/home/quella/ROS2Demo/object/object_pkg', 'symlink_install': False, 'test_result_base': None}
[0.266s] INFO:colcon.colcon_core.executor:Executing jobs using 'parallel' executor
[0.267s] DEBUG:colcon.colcon_parallel_executor.executor.parallel:run_until_complete
[0.267s] INFO:colcon.colcon_ros.task.ament_cmake.build:Building ROS package in '/home/quella/ROS2Demo/object/object_pkg' with build type 'ament_cmake'
[0.267s] INFO:colcon.colcon_cmake.task.cmake.build:Building CMake package in '/home/quella/ROS2Demo/object/object_pkg'
[0.269s] INFO:colcon.colcon_core.plugin_system:Skipping extension 'colcon_core.shell.bat': Not used on non-Windows systems
[0.269s] INFO:colcon.colcon_core.shell:Skip shell extension 'powershell' for command environment: Not usable outside of PowerShell
[0.269s] DEBUG:colcon.colcon_core.shell:Skip shell extension 'dsv' for command environment
[0.282s] DEBUG:colcon.colcon_core.event_handler.log_command:Invoking command in '/home/quella/ROS2Demo/object/object_pkg/build/object_pkg': CMAKE_PREFIX_PATH=${CMAKE_PREFIX_PATH}:/opt/ros/humble /usr/bin/cmake --build /home/quella/ROS2Demo/object/object_pkg/build/object_pkg -- -j16 -l16
[6.726s] DEBUG:colcon.colcon_core.event_handler.log_command:Invoked command in '/home/quella/ROS2Demo/object/object_pkg/build/object_pkg' returned '0': CMAKE_PREFIX_PATH=${CMAKE_PREFIX_PATH}:/opt/ros/humble /usr/bin/cmake --build /home/quella/ROS2Demo/object/object_pkg/build/object_pkg -- -j16 -l16
[6.738s] DEBUG:colcon.colcon_core.event_handler.log_command:Invoking command in '/home/quella/ROS2Demo/object/object_pkg/build/object_pkg': CMAKE_PREFIX_PATH=${CMAKE_PREFIX_PATH}:/opt/ros/humble /usr/bin/cmake --install /home/quella/ROS2Demo/object/object_pkg/build/object_pkg
[6.750s] Level 1:colcon.colcon_core.environment:create_environment_scripts_only(object_pkg)
[6.751s] DEBUG:colcon.colcon_core.event_handler.log_command:Invoked command in '/home/quella/ROS2Demo/object/object_pkg/build/object_pkg' returned '0': CMAKE_PREFIX_PATH=${CMAKE_PREFIX_PATH}:/opt/ros/humble /usr/bin/cmake --install /home/quella/ROS2Demo/object/object_pkg/build/object_pkg
[6.752s] Level 1:colcon.colcon_core.environment:checking '/home/quella/ROS2Demo/object/object_pkg/install/object_pkg' for CMake module files
[6.753s] Level 1:colcon.colcon_core.environment:checking '/home/quella/ROS2Demo/object/object_pkg/install/object_pkg' for CMake config files
[6.753s] Level 1:colcon.colcon_core.shell:create_environment_hook('object_pkg', 'cmake_prefix_path')
[6.753s] INFO:colcon.colcon_core.shell:Creating environment hook '/home/quella/ROS2Demo/object/object_pkg/install/object_pkg/share/object_pkg/hook/cmake_prefix_path.ps1'
[6.754s] INFO:colcon.colcon_core.shell:Creating environment descriptor '/home/quella/ROS2Demo/object/object_pkg/install/object_pkg/share/object_pkg/hook/cmake_prefix_path.dsv'
[6.755s] INFO:colcon.colcon_core.shell:Creating environment hook '/home/quella/ROS2Demo/object/object_pkg/install/object_pkg/share/object_pkg/hook/cmake_prefix_path.sh'
[6.756s] Level 1:colcon.colcon_core.environment:checking '/home/quella/ROS2Demo/object/object_pkg/install/object_pkg/lib'
[6.756s] Level 1:colcon.colcon_core.environment:checking '/home/quella/ROS2Demo/object/object_pkg/install/object_pkg/bin'
[6.756s] Level 1:colcon.colcon_core.environment:checking '/home/quella/ROS2Demo/object/object_pkg/install/object_pkg/lib/pkgconfig/object_pkg.pc'
[6.756s] Level 1:colcon.colcon_core.environment:checking '/home/quella/ROS2Demo/object/object_pkg/install/object_pkg/lib/python3.10/site-packages'
[6.756s] Level 1:colcon.colcon_core.environment:checking '/home/quella/ROS2Demo/object/object_pkg/install/object_pkg/bin'
[6.757s] INFO:colcon.colcon_core.shell:Creating package script '/home/quella/ROS2Demo/object/object_pkg/install/object_pkg/share/object_pkg/package.ps1'
[6.757s] INFO:colcon.colcon_core.shell:Creating package descriptor '/home/quella/ROS2Demo/object/object_pkg/install/object_pkg/share/object_pkg/package.dsv'
[6.758s] INFO:colcon.colcon_core.shell:Creating package script '/home/quella/ROS2Demo/object/object_pkg/install/object_pkg/share/object_pkg/package.sh'
[6.759s] INFO:colcon.colcon_core.shell:Creating package script '/home/quella/ROS2Demo/object/object_pkg/install/object_pkg/share/object_pkg/package.bash'
[6.759s] INFO:colcon.colcon_core.shell:Creating package script '/home/quella/ROS2Demo/object/object_pkg/install/object_pkg/share/object_pkg/package.zsh'
[6.760s] Level 1:colcon.colcon_core.environment:create_file_with_runtime_dependencies(/home/quella/ROS2Demo/object/object_pkg/install/object_pkg/share/colcon-core/packages/object_pkg)
[6.761s] Level 1:colcon.colcon_core.environment:create_environment_scripts_only(object_pkg)
[6.761s] Level 1:colcon.colcon_core.environment:checking '/home/quella/ROS2Demo/object/object_pkg/install/object_pkg' for CMake module files
[6.761s] Level 1:colcon.colcon_core.environment:checking '/home/quella/ROS2Demo/object/object_pkg/install/object_pkg' for CMake config files
[6.761s] Level 1:colcon.colcon_core.shell:create_environment_hook('object_pkg', 'cmake_prefix_path')
[6.762s] INFO:colcon.colcon_core.shell:Creating environment hook '/home/quella/ROS2Demo/object/object_pkg/install/object_pkg/share/object_pkg/hook/cmake_prefix_path.ps1'
[6.762s] INFO:colcon.colcon_core.shell:Creating environment descriptor '/home/quella/ROS2Demo/object/object_pkg/install/object_pkg/share/object_pkg/hook/cmake_prefix_path.dsv'
[6.762s] INFO:colcon.colcon_core.shell:Creating environment hook '/home/quella/ROS2Demo/object/object_pkg/install/object_pkg/share/object_pkg/hook/cmake_prefix_path.sh'
[6.763s] Level 1:colcon.colcon_core.environment:checking '/home/quella/ROS2Demo/object/object_pkg/install/object_pkg/lib'
[6.763s] Level 1:colcon.colcon_core.environment:checking '/home/quella/ROS2Demo/object/object_pkg/install/object_pkg/bin'
[6.763s] Level 1:colcon.colcon_core.environment:checking '/home/quella/ROS2Demo/object/object_pkg/install/object_pkg/lib/pkgconfig/object_pkg.pc'
[6.763s] Level 1:colcon.colcon_core.environment:checking '/home/quella/ROS2Demo/object/object_pkg/install/object_pkg/lib/python3.10/site-packages'
[6.764s] Level 1:colcon.colcon_core.environment:checking '/home/quella/ROS2Demo/object/object_pkg/install/object_pkg/bin'
[6.764s] INFO:colcon.colcon_core.shell:Creating package script '/home/quella/ROS2Demo/object/object_pkg/install/object_pkg/share/object_pkg/package.ps1'
[6.764s] INFO:colcon.colcon_core.shell:Creating package descriptor '/home/quella/ROS2Demo/object/object_pkg/install/object_pkg/share/object_pkg/package.dsv'
[6.765s] INFO:colcon.colcon_core.shell:Creating package script '/home/quella/ROS2Demo/object/object_pkg/install/object_pkg/share/object_pkg/package.sh'
[6.765s] INFO:colcon.colcon_core.shell:Creating package script '/home/quella/ROS2Demo/object/object_pkg/install/object_pkg/share/object_pkg/package.bash'
[6.766s] INFO:colcon.colcon_core.shell:Creating package script '/home/quella/ROS2Demo/object/object_pkg/install/object_pkg/share/object_pkg/package.zsh'
[6.766s] Level 1:colcon.colcon_core.environment:create_file_with_runtime_dependencies(/home/quella/ROS2Demo/object/object_pkg/install/object_pkg/share/colcon-core/packages/object_pkg)
[6.767s] DEBUG:colcon.colcon_parallel_executor.executor.parallel:closing loop
[6.767s] DEBUG:colcon.colcon_parallel_executor.executor.parallel:loop closed
[6.767s] DEBUG:colcon.colcon_parallel_executor.executor.parallel:run_until_complete finished with '0'
[6.767s] DEBUG:colcon.colcon_core.event_reactor:joining thread
[6.772s] INFO:colcon.colcon_core.plugin_system:Skipping extension 'colcon_notification.desktop_notification.terminal_notifier': Not used on non-Darwin systems
[6.772s] INFO:colcon.colcon_core.plugin_system:Skipping extension 'colcon_notification.desktop_notification.win32': Not used on non-Windows systems
[6.772s] INFO:colcon.colcon_notification.desktop_notification:Sending desktop notification using 'notify2'
[6.784s] DEBUG:colcon.colcon_core.event_reactor:joined thread
[6.785s] INFO:colcon.colcon_core.shell:Creating prefix script '/home/quella/ROS2Demo/object/object_pkg/install/local_setup.ps1'
[6.786s] INFO:colcon.colcon_core.shell:Creating prefix util module '/home/quella/ROS2Demo/object/object_pkg/install/_local_setup_util_ps1.py'
[6.787s] INFO:colcon.colcon_core.shell:Creating prefix chain script '/home/quella/ROS2Demo/object/object_pkg/install/setup.ps1'
[6.788s] INFO:colcon.colcon_core.shell:Creating prefix script '/home/quella/ROS2Demo/object/object_pkg/install/local_setup.sh'
[6.789s] INFO:colcon.colcon_core.shell:Creating prefix util module '/home/quella/ROS2Demo/object/object_pkg/install/_local_setup_util_sh.py'
[6.790s] INFO:colcon.colcon_core.shell:Creating prefix chain script '/home/quella/ROS2Demo/object/object_pkg/install/setup.sh'
[6.791s] INFO:colcon.colcon_core.shell:Creating prefix script '/home/quella/ROS2Demo/object/object_pkg/install/local_setup.bash'
[6.792s] INFO:colcon.colcon_core.shell:Creating prefix chain script '/home/quella/ROS2Demo/object/object_pkg/install/setup.bash'
[6.793s] INFO:colcon.colcon_core.shell:Creating prefix script '/home/quella/ROS2Demo/object/object_pkg/install/local_setup.zsh'
[6.793s] INFO:colcon.colcon_core.shell:Creating prefix chain script '/home/quella/ROS2Demo/object/object_pkg/install/setup.zsh'
