[35m[1mConsolidate compiler generated dependencies of target turtle_circle[0m
[ 50%] [32mBuilding CXX object CMakeFiles/turtle_circle.dir/src/turtle_circle.cpp.o[0m
[100%] [32m[1mLinking CXX executable turtle_circle[0m
[100%] Built target turtle_circle
-- Install configuration: ""
-- Installing: /home/quella/ROS2Demo/topic/Sport/Speed_cpp_pkg/src/demp_cpp_topic/install/demp_cpp_topic/lib/demp_cpp_topic/turtle_circle
-- Set runtime path of "/home/quella/ROS2Demo/topic/Sport/Speed_cpp_pkg/src/demp_cpp_topic/install/demp_cpp_topic/lib/demp_cpp_topic/turtle_circle" to ""
-- Up-to-date: /home/quella/ROS2Demo/topic/Sport/Speed_cpp_pkg/src/demp_cpp_topic/install/demp_cpp_topic/share/ament_index/resource_index/package_run_dependencies/demp_cpp_topic
-- Up-to-date: /home/quella/ROS2Demo/topic/Sport/Speed_cpp_pkg/src/demp_cpp_topic/install/demp_cpp_topic/share/ament_index/resource_index/parent_prefix_path/demp_cpp_topic
-- Up-to-date: /home/quella/ROS2Demo/topic/Sport/Speed_cpp_pkg/src/demp_cpp_topic/install/demp_cpp_topic/share/demp_cpp_topic/environment/ament_prefix_path.sh
-- Up-to-date: /home/quella/ROS2Demo/topic/Sport/Speed_cpp_pkg/src/demp_cpp_topic/install/demp_cpp_topic/share/demp_cpp_topic/environment/ament_prefix_path.dsv
-- Up-to-date: /home/quella/ROS2Demo/topic/Sport/Speed_cpp_pkg/src/demp_cpp_topic/install/demp_cpp_topic/share/demp_cpp_topic/environment/path.sh
-- Up-to-date: /home/quella/ROS2Demo/topic/Sport/Speed_cpp_pkg/src/demp_cpp_topic/install/demp_cpp_topic/share/demp_cpp_topic/environment/path.dsv
-- Up-to-date: /home/quella/ROS2Demo/topic/Sport/Speed_cpp_pkg/src/demp_cpp_topic/install/demp_cpp_topic/share/demp_cpp_topic/local_setup.bash
-- Up-to-date: /home/quella/ROS2Demo/topic/Sport/Speed_cpp_pkg/src/demp_cpp_topic/install/demp_cpp_topic/share/demp_cpp_topic/local_setup.sh
-- Up-to-date: /home/quella/ROS2Demo/topic/Sport/Speed_cpp_pkg/src/demp_cpp_topic/install/demp_cpp_topic/share/demp_cpp_topic/local_setup.zsh
-- Up-to-date: /home/quella/ROS2Demo/topic/Sport/Speed_cpp_pkg/src/demp_cpp_topic/install/demp_cpp_topic/share/demp_cpp_topic/local_setup.dsv
-- Installing: /home/quella/ROS2Demo/topic/Sport/Speed_cpp_pkg/src/demp_cpp_topic/install/demp_cpp_topic/share/demp_cpp_topic/package.dsv
-- Up-to-date: /home/quella/ROS2Demo/topic/Sport/Speed_cpp_pkg/src/demp_cpp_topic/install/demp_cpp_topic/share/ament_index/resource_index/packages/demp_cpp_topic
-- Up-to-date: /home/quella/ROS2Demo/topic/Sport/Speed_cpp_pkg/src/demp_cpp_topic/install/demp_cpp_topic/share/demp_cpp_topic/cmake/demp_cpp_topicConfig.cmake
-- Up-to-date: /home/quella/ROS2Demo/topic/Sport/Speed_cpp_pkg/src/demp_cpp_topic/install/demp_cpp_topic/share/demp_cpp_topic/cmake/demp_cpp_topicConfig-version.cmake
-- Up-to-date: /home/quella/ROS2Demo/topic/Sport/Speed_cpp_pkg/src/demp_cpp_topic/install/demp_cpp_topic/share/demp_cpp_topic/package.xml
