[0.017s] Invoking command in '/home/quella/ROS2Demo/topic/Sport/Speed_cpp_pkg/src/demp_cpp_topic/build/demp_cpp_topic': CMAKE_PREFIX_PATH=${CMAKE_PREFIX_PATH}:/opt/ros/humble /usr/bin/cmake --build /home/quella/ROS2Demo/topic/Sport/Speed_cpp_pkg/src/demp_cpp_topic/build/demp_cpp_topic -- -j16 -l16
[0.059s] [35m[1mConsolidate compiler generated dependencies of target turtle_circle[0m
[0.078s] [ 50%] [32mBuilding CXX object CMakeFiles/turtle_circle.dir/src/turtle_circle.cpp.o[0m
[3.996s] [100%] [32m[1mLinking CXX executable turtle_circle[0m
[4.222s] [100%] Built target turtle_circle
[4.235s] Invoked command in '/home/quella/ROS2Demo/topic/Sport/Speed_cpp_pkg/src/demp_cpp_topic/build/demp_cpp_topic' returned '0': CMAKE_PREFIX_PATH=${CMAKE_PREFIX_PATH}:/opt/ros/humble /usr/bin/cmake --build /home/quella/ROS2Demo/topic/Sport/Speed_cpp_pkg/src/demp_cpp_topic/build/demp_cpp_topic -- -j16 -l16
[4.246s] Invoking command in '/home/quella/ROS2Demo/topic/Sport/Speed_cpp_pkg/src/demp_cpp_topic/build/demp_cpp_topic': CMAKE_PREFIX_PATH=${CMAKE_PREFIX_PATH}:/opt/ros/humble /usr/bin/cmake --install /home/quella/ROS2Demo/topic/Sport/Speed_cpp_pkg/src/demp_cpp_topic/build/demp_cpp_topic
[4.254s] -- Install configuration: ""
[4.254s] -- Installing: /home/quella/ROS2Demo/topic/Sport/Speed_cpp_pkg/src/demp_cpp_topic/install/demp_cpp_topic/lib/demp_cpp_topic/turtle_circle
[4.256s] -- Set runtime path of "/home/quella/ROS2Demo/topic/Sport/Speed_cpp_pkg/src/demp_cpp_topic/install/demp_cpp_topic/lib/demp_cpp_topic/turtle_circle" to ""
[4.256s] -- Up-to-date: /home/quella/ROS2Demo/topic/Sport/Speed_cpp_pkg/src/demp_cpp_topic/install/demp_cpp_topic/share/ament_index/resource_index/package_run_dependencies/demp_cpp_topic
[4.256s] -- Up-to-date: /home/quella/ROS2Demo/topic/Sport/Speed_cpp_pkg/src/demp_cpp_topic/install/demp_cpp_topic/share/ament_index/resource_index/parent_prefix_path/demp_cpp_topic
[4.256s] -- Up-to-date: /home/quella/ROS2Demo/topic/Sport/Speed_cpp_pkg/src/demp_cpp_topic/install/demp_cpp_topic/share/demp_cpp_topic/environment/ament_prefix_path.sh
[4.256s] -- Up-to-date: /home/quella/ROS2Demo/topic/Sport/Speed_cpp_pkg/src/demp_cpp_topic/install/demp_cpp_topic/share/demp_cpp_topic/environment/ament_prefix_path.dsv
[4.256s] -- Up-to-date: /home/quella/ROS2Demo/topic/Sport/Speed_cpp_pkg/src/demp_cpp_topic/install/demp_cpp_topic/share/demp_cpp_topic/environment/path.sh
[4.256s] -- Up-to-date: /home/quella/ROS2Demo/topic/Sport/Speed_cpp_pkg/src/demp_cpp_topic/install/demp_cpp_topic/share/demp_cpp_topic/environment/path.dsv
[4.256s] -- Up-to-date: /home/quella/ROS2Demo/topic/Sport/Speed_cpp_pkg/src/demp_cpp_topic/install/demp_cpp_topic/share/demp_cpp_topic/local_setup.bash
[4.256s] -- Up-to-date: /home/quella/ROS2Demo/topic/Sport/Speed_cpp_pkg/src/demp_cpp_topic/install/demp_cpp_topic/share/demp_cpp_topic/local_setup.sh
[4.256s] -- Up-to-date: /home/quella/ROS2Demo/topic/Sport/Speed_cpp_pkg/src/demp_cpp_topic/install/demp_cpp_topic/share/demp_cpp_topic/local_setup.zsh
[4.256s] -- Up-to-date: /home/quella/ROS2Demo/topic/Sport/Speed_cpp_pkg/src/demp_cpp_topic/install/demp_cpp_topic/share/demp_cpp_topic/local_setup.dsv
[4.256s] -- Installing: /home/quella/ROS2Demo/topic/Sport/Speed_cpp_pkg/src/demp_cpp_topic/install/demp_cpp_topic/share/demp_cpp_topic/package.dsv
[4.257s] -- Up-to-date: /home/quella/ROS2Demo/topic/Sport/Speed_cpp_pkg/src/demp_cpp_topic/install/demp_cpp_topic/share/ament_index/resource_index/packages/demp_cpp_topic
[4.257s] -- Up-to-date: /home/quella/ROS2Demo/topic/Sport/Speed_cpp_pkg/src/demp_cpp_topic/install/demp_cpp_topic/share/demp_cpp_topic/cmake/demp_cpp_topicConfig.cmake
[4.257s] -- Up-to-date: /home/quella/ROS2Demo/topic/Sport/Speed_cpp_pkg/src/demp_cpp_topic/install/demp_cpp_topic/share/demp_cpp_topic/cmake/demp_cpp_topicConfig-version.cmake
[4.257s] -- Up-to-date: /home/quella/ROS2Demo/topic/Sport/Speed_cpp_pkg/src/demp_cpp_topic/install/demp_cpp_topic/share/demp_cpp_topic/package.xml
[4.258s] Invoked command in '/home/quella/ROS2Demo/topic/Sport/Speed_cpp_pkg/src/demp_cpp_topic/build/demp_cpp_topic' returned '0': CMAKE_PREFIX_PATH=${CMAKE_PREFIX_PATH}:/opt/ros/humble /usr/bin/cmake --install /home/quella/ROS2Demo/topic/Sport/Speed_cpp_pkg/src/demp_cpp_topic/build/demp_cpp_topic
