[35m[1mConsolidate compiler generated dependencies of target person_node[0m
[35m[1mConsolidate compiler generated dependencies of target learn_thread[0m
[ 50%] Built target person_node
[ 75%] [32mBuilding CXX object CMakeFiles/learn_thread.dir/src/learn_thread.cpp.o[0m
[100%] [32m[1mLinking CXX executable learn_thread[0m
[100%] Built target learn_thread
-- Install configuration: ""
-- Up-to-date: /home/quella/ROS2Demo/object/object_pkg/install/object_pkg/lib/object_pkg/person_node
-- Installing: /home/quella/ROS2Demo/object/object_pkg/install/object_pkg/lib/object_pkg/learn_thread
-- Set runtime path of "/home/quella/ROS2Demo/object/object_pkg/install/object_pkg/lib/object_pkg/learn_thread" to ""
-- Up-to-date: /home/quella/ROS2Demo/object/object_pkg/install/object_pkg/share/ament_index/resource_index/package_run_dependencies/object_pkg
-- Up-to-date: /home/quella/ROS2Demo/object/object_pkg/install/object_pkg/share/ament_index/resource_index/parent_prefix_path/object_pkg
-- Up-to-date: /home/quella/ROS2Demo/object/object_pkg/install/object_pkg/share/object_pkg/environment/ament_prefix_path.sh
-- Up-to-date: /home/quella/ROS2Demo/object/object_pkg/install/object_pkg/share/object_pkg/environment/ament_prefix_path.dsv
-- Up-to-date: /home/quella/ROS2Demo/object/object_pkg/install/object_pkg/share/object_pkg/environment/path.sh
-- Up-to-date: /home/quella/ROS2Demo/object/object_pkg/install/object_pkg/share/object_pkg/environment/path.dsv
-- Up-to-date: /home/quella/ROS2Demo/object/object_pkg/install/object_pkg/share/object_pkg/local_setup.bash
-- Up-to-date: /home/quella/ROS2Demo/object/object_pkg/install/object_pkg/share/object_pkg/local_setup.sh
-- Up-to-date: /home/quella/ROS2Demo/object/object_pkg/install/object_pkg/share/object_pkg/local_setup.zsh
-- Up-to-date: /home/quella/ROS2Demo/object/object_pkg/install/object_pkg/share/object_pkg/local_setup.dsv
-- Installing: /home/quella/ROS2Demo/object/object_pkg/install/object_pkg/share/object_pkg/package.dsv
-- Up-to-date: /home/quella/ROS2Demo/object/object_pkg/install/object_pkg/share/ament_index/resource_index/packages/object_pkg
-- Up-to-date: /home/quella/ROS2Demo/object/object_pkg/install/object_pkg/share/object_pkg/cmake/object_pkgConfig.cmake
-- Up-to-date: /home/quella/ROS2Demo/object/object_pkg/install/object_pkg/share/object_pkg/cmake/object_pkgConfig-version.cmake
-- Up-to-date: /home/quella/ROS2Demo/object/object_pkg/install/object_pkg/share/object_pkg/package.xml
