[0.090s] DEBUG:colcon:Command line arguments: ['/usr/bin/colcon', 'build']
[0.090s] DEBUG:colcon:Parsed command line arguments: Namespace(log_base=None, log_level=None, verb_name='build', build_base='build', install_base='install', merge_install=False, symlink_install=False, test_result_base=None, continue_on_error=False, executor='parallel', parallel_workers=16, event_handlers=None, ignore_user_meta=False, metas=['./colcon.meta'], base_paths=['.'], packages_ignore=None, packages_ignore_regex=None, paths=None, packages_up_to=None, packages_up_to_regex=None, packages_above=None, packages_above_and_dependencies=None, packages_above_depth=None, packages_select_by_dep=None, packages_skip_by_dep=None, packages_skip_up_to=None, packages_select_build_failed=False, packages_skip_build_finished=False, packages_select_test_failures=False, packages_skip_test_passed=False, packages_select=None, packages_skip=None, packages_select_regex=None, packages_skip_regex=None, packages_start=None, packages_end=None, allow_overriding=[], cmake_args=None, cmake_target=None, cmake_target_skip_unavailable=False, cmake_clean_cache=False, cmake_clean_first=False, cmake_force_configure=False, ament_cmake_args=None, catkin_cmake_args=None, catkin_skip_building_tests=False, verb_parser=<colcon_defaults.argument_parser.defaults.DefaultArgumentsDecorator object at 0x7bacc763ad70>, verb_extension=<colcon_core.verb.build.BuildVerb object at 0x7bacc763a800>, main=<bound method BuildVerb.main of <colcon_core.verb.build.BuildVerb object at 0x7bacc763a800>>)
[0.223s] Level 1:colcon.colcon_core.package_discovery:discover_packages(colcon_meta) check parameters
[0.223s] Level 1:colcon.colcon_core.package_discovery:discover_packages(recursive) check parameters
[0.223s] Level 1:colcon.colcon_core.package_discovery:discover_packages(ignore) check parameters
[0.223s] Level 1:colcon.colcon_core.package_discovery:discover_packages(path) check parameters
[0.223s] Level 1:colcon.colcon_core.package_discovery:discover_packages(colcon_meta) discover
[0.223s] Level 1:colcon.colcon_core.package_discovery:discover_packages(recursive) discover
[0.224s] INFO:colcon.colcon_core.package_discovery:Crawling recursively for packages in '/home/quella/ROS2Demo/topic/Sport/pose_cpp_pkg/src/pose_cpp_topic'
[0.224s] Level 1:colcon.colcon_core.package_identification:_identify(.) by extensions ['ignore', 'ignore_ament_install']
[0.224s] Level 1:colcon.colcon_core.package_identification:_identify(.) by extension 'ignore'
[0.224s] Level 1:colcon.colcon_core.package_identification:_identify(.) by extension 'ignore_ament_install'
[0.224s] Level 1:colcon.colcon_core.package_identification:_identify(.) by extensions ['colcon_pkg']
[0.224s] Level 1:colcon.colcon_core.package_identification:_identify(.) by extension 'colcon_pkg'
[0.224s] Level 1:colcon.colcon_core.package_identification:_identify(.) by extensions ['colcon_meta']
[0.224s] Level 1:colcon.colcon_core.package_identification:_identify(.) by extension 'colcon_meta'
[0.224s] Level 1:colcon.colcon_core.package_identification:_identify(.) by extensions ['ros']
[0.224s] Level 1:colcon.colcon_core.package_identification:_identify(.) by extension 'ros'
[0.235s] DEBUG:colcon.colcon_core.package_identification:Package '.' with type 'ros.ament_cmake' and name 'pose_cpp_topic'
[0.235s] Level 1:colcon.colcon_core.package_discovery:discover_packages(recursive) using defaults
[0.235s] Level 1:colcon.colcon_core.package_discovery:discover_packages(ignore) discover
[0.235s] Level 1:colcon.colcon_core.package_discovery:discover_packages(ignore) using defaults
[0.235s] Level 1:colcon.colcon_core.package_discovery:discover_packages(path) discover
[0.235s] Level 1:colcon.colcon_core.package_discovery:discover_packages(path) using defaults
[0.251s] Level 1:colcon.colcon_core.package_discovery:discover_packages(prefix_path) check parameters
[0.251s] Level 1:colcon.colcon_core.package_discovery:discover_packages(prefix_path) discover
[0.253s] DEBUG:colcon.colcon_installed_package_information.package_discovery:Found 1 installed packages in /home/quella/ROS2Demo/topic/Sport/pose_cpp_pkg/src/pose_cpp_topic/install
[0.253s] DEBUG:colcon.colcon_installed_package_information.package_discovery:Found 1 installed packages in /home/quella/ROS2Demo/topic/Sport/Speed_cpp_pkg/src/demp_cpp_topic/install
[0.253s] DEBUG:colcon.colcon_installed_package_information.package_discovery:Found 1 installed packages in /home/quella/ROS2Demo/object/object_pkg/install
[0.254s] DEBUG:colcon.colcon_installed_package_information.package_discovery:Found 271 installed packages in /opt/ros/humble
[0.256s] Level 1:colcon.colcon_core.package_discovery:discover_packages(prefix_path) using defaults
[0.292s] Level 5:colcon.colcon_core.verb:set package 'pose_cpp_topic' build argument 'cmake_args' from command line to 'None'
[0.292s] Level 5:colcon.colcon_core.verb:set package 'pose_cpp_topic' build argument 'cmake_target' from command line to 'None'
[0.292s] Level 5:colcon.colcon_core.verb:set package 'pose_cpp_topic' build argument 'cmake_target_skip_unavailable' from command line to 'False'
[0.292s] Level 5:colcon.colcon_core.verb:set package 'pose_cpp_topic' build argument 'cmake_clean_cache' from command line to 'False'
[0.292s] Level 5:colcon.colcon_core.verb:set package 'pose_cpp_topic' build argument 'cmake_clean_first' from command line to 'False'
[0.292s] Level 5:colcon.colcon_core.verb:set package 'pose_cpp_topic' build argument 'cmake_force_configure' from command line to 'False'
[0.293s] Level 5:colcon.colcon_core.verb:set package 'pose_cpp_topic' build argument 'ament_cmake_args' from command line to 'None'
[0.293s] Level 5:colcon.colcon_core.verb:set package 'pose_cpp_topic' build argument 'catkin_cmake_args' from command line to 'None'
[0.293s] Level 5:colcon.colcon_core.verb:set package 'pose_cpp_topic' build argument 'catkin_skip_building_tests' from command line to 'False'
[0.293s] DEBUG:colcon.colcon_core.verb:Building package 'pose_cpp_topic' with the following arguments: {'ament_cmake_args': None, 'build_base': '/home/quella/ROS2Demo/topic/Sport/pose_cpp_pkg/src/pose_cpp_topic/build/pose_cpp_topic', 'catkin_cmake_args': None, 'catkin_skip_building_tests': False, 'cmake_args': None, 'cmake_clean_cache': False, 'cmake_clean_first': False, 'cmake_force_configure': False, 'cmake_target': None, 'cmake_target_skip_unavailable': False, 'install_base': '/home/quella/ROS2Demo/topic/Sport/pose_cpp_pkg/src/pose_cpp_topic/install/pose_cpp_topic', 'merge_install': False, 'path': '/home/quella/ROS2Demo/topic/Sport/pose_cpp_pkg/src/pose_cpp_topic', 'symlink_install': False, 'test_result_base': None}
[0.293s] INFO:colcon.colcon_core.executor:Executing jobs using 'parallel' executor
[0.295s] DEBUG:colcon.colcon_parallel_executor.executor.parallel:run_until_complete
[0.295s] INFO:colcon.colcon_ros.task.ament_cmake.build:Building ROS package in '/home/quella/ROS2Demo/topic/Sport/pose_cpp_pkg/src/pose_cpp_topic' with build type 'ament_cmake'
[0.295s] INFO:colcon.colcon_cmake.task.cmake.build:Building CMake package in '/home/quella/ROS2Demo/topic/Sport/pose_cpp_pkg/src/pose_cpp_topic'
[0.297s] INFO:colcon.colcon_core.plugin_system:Skipping extension 'colcon_core.shell.bat': Not used on non-Windows systems
[0.297s] INFO:colcon.colcon_core.shell:Skip shell extension 'powershell' for command environment: Not usable outside of PowerShell
[0.297s] DEBUG:colcon.colcon_core.shell:Skip shell extension 'dsv' for command environment
[0.308s] DEBUG:colcon.colcon_core.event_handler.log_command:Invoking command in '/home/quella/ROS2Demo/topic/Sport/pose_cpp_pkg/src/pose_cpp_topic/build/pose_cpp_topic': CMAKE_PREFIX_PATH=${CMAKE_PREFIX_PATH}:/opt/ros/humble /usr/bin/cmake --build /home/quella/ROS2Demo/topic/Sport/pose_cpp_pkg/src/pose_cpp_topic/build/pose_cpp_topic -- -j16 -l16
[5.582s] Level 1:colcon.colcon_core.environment:create_environment_scripts_only(pose_cpp_topic)
[5.583s] DEBUG:colcon.colcon_core.event_handler.log_command:Invoked command in '/home/quella/ROS2Demo/topic/Sport/pose_cpp_pkg/src/pose_cpp_topic/build/pose_cpp_topic' returned '2': CMAKE_PREFIX_PATH=${CMAKE_PREFIX_PATH}:/opt/ros/humble /usr/bin/cmake --build /home/quella/ROS2Demo/topic/Sport/pose_cpp_pkg/src/pose_cpp_topic/build/pose_cpp_topic -- -j16 -l16
[5.585s] Level 1:colcon.colcon_core.environment:checking '/home/quella/ROS2Demo/topic/Sport/pose_cpp_pkg/src/pose_cpp_topic/install/pose_cpp_topic' for CMake module files
[5.585s] Level 1:colcon.colcon_core.environment:checking '/home/quella/ROS2Demo/topic/Sport/pose_cpp_pkg/src/pose_cpp_topic/install/pose_cpp_topic' for CMake config files
[5.586s] Level 1:colcon.colcon_core.shell:create_environment_hook('pose_cpp_topic', 'cmake_prefix_path')
[5.586s] INFO:colcon.colcon_core.shell:Creating environment hook '/home/quella/ROS2Demo/topic/Sport/pose_cpp_pkg/src/pose_cpp_topic/install/pose_cpp_topic/share/pose_cpp_topic/hook/cmake_prefix_path.ps1'
[5.586s] INFO:colcon.colcon_core.shell:Creating environment descriptor '/home/quella/ROS2Demo/topic/Sport/pose_cpp_pkg/src/pose_cpp_topic/install/pose_cpp_topic/share/pose_cpp_topic/hook/cmake_prefix_path.dsv'
[5.587s] INFO:colcon.colcon_core.shell:Creating environment hook '/home/quella/ROS2Demo/topic/Sport/pose_cpp_pkg/src/pose_cpp_topic/install/pose_cpp_topic/share/pose_cpp_topic/hook/cmake_prefix_path.sh'
[5.588s] Level 1:colcon.colcon_core.environment:checking '/home/quella/ROS2Demo/topic/Sport/pose_cpp_pkg/src/pose_cpp_topic/install/pose_cpp_topic/bin'
[5.588s] Level 1:colcon.colcon_core.environment:checking '/home/quella/ROS2Demo/topic/Sport/pose_cpp_pkg/src/pose_cpp_topic/install/pose_cpp_topic/lib/pkgconfig/pose_cpp_topic.pc'
[5.588s] Level 1:colcon.colcon_core.environment:checking '/home/quella/ROS2Demo/topic/Sport/pose_cpp_pkg/src/pose_cpp_topic/install/pose_cpp_topic/lib/python3.10/site-packages'
[5.588s] Level 1:colcon.colcon_core.environment:checking '/home/quella/ROS2Demo/topic/Sport/pose_cpp_pkg/src/pose_cpp_topic/install/pose_cpp_topic/bin'
[5.589s] INFO:colcon.colcon_core.shell:Creating package script '/home/quella/ROS2Demo/topic/Sport/pose_cpp_pkg/src/pose_cpp_topic/install/pose_cpp_topic/share/pose_cpp_topic/package.ps1'
[5.589s] INFO:colcon.colcon_core.shell:Creating package descriptor '/home/quella/ROS2Demo/topic/Sport/pose_cpp_pkg/src/pose_cpp_topic/install/pose_cpp_topic/share/pose_cpp_topic/package.dsv'
[5.590s] INFO:colcon.colcon_core.shell:Creating package script '/home/quella/ROS2Demo/topic/Sport/pose_cpp_pkg/src/pose_cpp_topic/install/pose_cpp_topic/share/pose_cpp_topic/package.sh'
[5.590s] INFO:colcon.colcon_core.shell:Creating package script '/home/quella/ROS2Demo/topic/Sport/pose_cpp_pkg/src/pose_cpp_topic/install/pose_cpp_topic/share/pose_cpp_topic/package.bash'
[5.591s] INFO:colcon.colcon_core.shell:Creating package script '/home/quella/ROS2Demo/topic/Sport/pose_cpp_pkg/src/pose_cpp_topic/install/pose_cpp_topic/share/pose_cpp_topic/package.zsh'
[5.592s] Level 1:colcon.colcon_core.environment:create_file_with_runtime_dependencies(/home/quella/ROS2Demo/topic/Sport/pose_cpp_pkg/src/pose_cpp_topic/install/pose_cpp_topic/share/colcon-core/packages/pose_cpp_topic)
[5.603s] DEBUG:colcon.colcon_parallel_executor.executor.parallel:closing loop
[5.603s] DEBUG:colcon.colcon_parallel_executor.executor.parallel:loop closed
[5.604s] DEBUG:colcon.colcon_parallel_executor.executor.parallel:run_until_complete finished with '2'
[5.604s] DEBUG:colcon.colcon_core.event_reactor:joining thread
[5.617s] INFO:colcon.colcon_core.plugin_system:Skipping extension 'colcon_notification.desktop_notification.terminal_notifier': Not used on non-Darwin systems
[5.617s] INFO:colcon.colcon_core.plugin_system:Skipping extension 'colcon_notification.desktop_notification.win32': Not used on non-Windows systems
[5.617s] INFO:colcon.colcon_notification.desktop_notification:Sending desktop notification using 'notify2'
[5.633s] DEBUG:colcon.colcon_core.event_reactor:joined thread
[5.633s] INFO:colcon.colcon_core.shell:Creating prefix script '/home/quella/ROS2Demo/topic/Sport/pose_cpp_pkg/src/pose_cpp_topic/install/local_setup.ps1'
[5.634s] INFO:colcon.colcon_core.shell:Creating prefix util module '/home/quella/ROS2Demo/topic/Sport/pose_cpp_pkg/src/pose_cpp_topic/install/_local_setup_util_ps1.py'
[5.635s] INFO:colcon.colcon_core.shell:Creating prefix chain script '/home/quella/ROS2Demo/topic/Sport/pose_cpp_pkg/src/pose_cpp_topic/install/setup.ps1'
[5.637s] INFO:colcon.colcon_core.shell:Creating prefix script '/home/quella/ROS2Demo/topic/Sport/pose_cpp_pkg/src/pose_cpp_topic/install/local_setup.sh'
[5.638s] INFO:colcon.colcon_core.shell:Creating prefix util module '/home/quella/ROS2Demo/topic/Sport/pose_cpp_pkg/src/pose_cpp_topic/install/_local_setup_util_sh.py'
[5.640s] INFO:colcon.colcon_core.shell:Creating prefix chain script '/home/quella/ROS2Demo/topic/Sport/pose_cpp_pkg/src/pose_cpp_topic/install/setup.sh'
[5.642s] INFO:colcon.colcon_core.shell:Creating prefix script '/home/quella/ROS2Demo/topic/Sport/pose_cpp_pkg/src/pose_cpp_topic/install/local_setup.bash'
[5.643s] INFO:colcon.colcon_core.shell:Creating prefix chain script '/home/quella/ROS2Demo/topic/Sport/pose_cpp_pkg/src/pose_cpp_topic/install/setup.bash'
[5.646s] INFO:colcon.colcon_core.shell:Creating prefix script '/home/quella/ROS2Demo/topic/Sport/pose_cpp_pkg/src/pose_cpp_topic/install/local_setup.zsh'
[5.647s] INFO:colcon.colcon_core.shell:Creating prefix chain script '/home/quella/ROS2Demo/topic/Sport/pose_cpp_pkg/src/pose_cpp_topic/install/setup.zsh'
