[0.011s] Invoking command in '/home/quella/ROS2Demo/topic/Sport/Speed_cpp_pkg/src/demp_cpp_topic/build/demp_cpp_topic': CMAKE_PREFIX_PATH=${CMAKE_PREFIX_PATH}:/opt/ros/humble /usr/bin/cmake /home/quella/ROS2Demo/topic/Sport/Speed_cpp_pkg/src/demp_cpp_topic -DCMAKE_INSTALL_PREFIX=/home/quella/ROS2Demo/topic/Sport/Speed_cpp_pkg/src/demp_cpp_topic/install/demp_cpp_topic
[0.069s] -- The C compiler identification is GNU 11.4.0
[0.124s] -- The CXX compiler identification is GNU 11.4.0
[0.132s] -- Detecting C compiler ABI info
[0.219s] -- Detecting C compiler ABI info - done
[0.224s] -- Check for working C compiler: /usr/bin/cc - skipped
[0.225s] -- Detecting C compile features
[0.225s] -- Detecting C compile features - done
[0.227s] -- Detecting CXX compiler ABI info
[0.310s] -- Detecting CXX compiler ABI info - done
[0.316s] -- Check for working CXX compiler: /usr/bin/c++ - skipped
[0.317s] -- Detecting CXX compile features
[0.317s] -- Detecting CXX compile features - done
[0.319s] -- Found ament_cmake: 1.3.12 (/opt/ros/humble/share/ament_cmake/cmake)
[0.450s] -- Found Python3: /usr/bin/python3 (found version "3.10.12") found components: Interpreter 
[0.527s] -- Found rclcpp: 16.0.14 (/opt/ros/humble/share/rclcpp/cmake)
[0.558s] -- Found rosidl_generator_c: 3.1.7 (/opt/ros/humble/share/rosidl_generator_c/cmake)
[0.560s] -- Found rosidl_adapter: 3.1.7 (/opt/ros/humble/share/rosidl_adapter/cmake)
[0.567s] -- Found rosidl_generator_cpp: 3.1.7 (/opt/ros/humble/share/rosidl_generator_cpp/cmake)
[0.576s] -- Using all available rosidl_typesupport_c: rosidl_typesupport_fastrtps_c;rosidl_typesupport_introspection_c
[0.589s] -- Using all available rosidl_typesupport_cpp: rosidl_typesupport_fastrtps_cpp;rosidl_typesupport_introspection_cpp
[0.621s] -- Found rmw_implementation_cmake: 6.1.2 (/opt/ros/humble/share/rmw_implementation_cmake/cmake)
[0.622s] -- Found rmw_fastrtps_cpp: 6.2.8 (/opt/ros/humble/share/rmw_fastrtps_cpp/cmake)
[0.714s] -- Found OpenSSL: /usr/lib/x86_64-linux-gnu/libcrypto.so (found version "3.0.2")  
[0.735s] -- Found FastRTPS: /opt/ros/humble/include  
[0.769s] -- Using RMW implementation 'rmw_fastrtps_cpp' as default
[0.775s] -- Looking for pthread.h
[0.869s] -- Looking for pthread.h - found
[0.869s] -- Performing Test CMAKE_HAVE_LIBC_PTHREAD
[0.948s] -- Performing Test CMAKE_HAVE_LIBC_PTHREAD - Success
[0.949s] -- Found Threads: TRUE  
[1.015s] -- Found geometry_msgs: 4.9.0 (/opt/ros/humble/share/geometry_msgs/cmake)
[1.048s] -- Found turtlesim: 1.4.2 (/opt/ros/humble/share/turtlesim/cmake)
[1.185s] -- Found ament_lint_auto: 0.12.14 (/opt/ros/humble/share/ament_lint_auto/cmake)
[1.253s] -- Added test 'cppcheck' to perform static code analysis on C / C++ code
[1.253s] -- Configured cppcheck include dirs: 
[1.253s] -- Configured cppcheck exclude dirs and/or files: 
[1.255s] -- Added test 'lint_cmake' to check CMake code style
[1.260s] -- Added test 'uncrustify' to check C / C++ code style
[1.260s] -- Configured uncrustify additional arguments: 
[1.261s] -- Added test 'xmllint' to check XML markup files
[1.262s] -- Configuring done
[1.267s] -- Generating done
[1.270s] -- Build files have been written to: /home/quella/ROS2Demo/topic/Sport/Speed_cpp_pkg/src/demp_cpp_topic/build/demp_cpp_topic
[1.278s] Invoked command in '/home/quella/ROS2Demo/topic/Sport/Speed_cpp_pkg/src/demp_cpp_topic/build/demp_cpp_topic' returned '0': CMAKE_PREFIX_PATH=${CMAKE_PREFIX_PATH}:/opt/ros/humble /usr/bin/cmake /home/quella/ROS2Demo/topic/Sport/Speed_cpp_pkg/src/demp_cpp_topic -DCMAKE_INSTALL_PREFIX=/home/quella/ROS2Demo/topic/Sport/Speed_cpp_pkg/src/demp_cpp_topic/install/demp_cpp_topic
[1.280s] Invoking command in '/home/quella/ROS2Demo/topic/Sport/Speed_cpp_pkg/src/demp_cpp_topic/build/demp_cpp_topic': CMAKE_PREFIX_PATH=${CMAKE_PREFIX_PATH}:/opt/ros/humble /usr/bin/cmake --build /home/quella/ROS2Demo/topic/Sport/Speed_cpp_pkg/src/demp_cpp_topic/build/demp_cpp_topic -- -j16 -l16
[1.324s] Invoked command in '/home/quella/ROS2Demo/topic/Sport/Speed_cpp_pkg/src/demp_cpp_topic/build/demp_cpp_topic' returned '0': CMAKE_PREFIX_PATH=${CMAKE_PREFIX_PATH}:/opt/ros/humble /usr/bin/cmake --build /home/quella/ROS2Demo/topic/Sport/Speed_cpp_pkg/src/demp_cpp_topic/build/demp_cpp_topic -- -j16 -l16
[1.336s] Invoking command in '/home/quella/ROS2Demo/topic/Sport/Speed_cpp_pkg/src/demp_cpp_topic/build/demp_cpp_topic': CMAKE_PREFIX_PATH=${CMAKE_PREFIX_PATH}:/opt/ros/humble /usr/bin/cmake --install /home/quella/ROS2Demo/topic/Sport/Speed_cpp_pkg/src/demp_cpp_topic/build/demp_cpp_topic
[1.343s] -- Install configuration: ""
[1.344s] -- Installing: /home/quella/ROS2Demo/topic/Sport/Speed_cpp_pkg/src/demp_cpp_topic/install/demp_cpp_topic/share/ament_index/resource_index/package_run_dependencies/demp_cpp_topic
[1.344s] -- Installing: /home/quella/ROS2Demo/topic/Sport/Speed_cpp_pkg/src/demp_cpp_topic/install/demp_cpp_topic/share/ament_index/resource_index/parent_prefix_path/demp_cpp_topic
[1.344s] -- Installing: /home/quella/ROS2Demo/topic/Sport/Speed_cpp_pkg/src/demp_cpp_topic/install/demp_cpp_topic/share/demp_cpp_topic/environment/ament_prefix_path.sh
[1.344s] -- Installing: /home/quella/ROS2Demo/topic/Sport/Speed_cpp_pkg/src/demp_cpp_topic/install/demp_cpp_topic/share/demp_cpp_topic/environment/ament_prefix_path.dsv
[1.344s] -- Installing: /home/quella/ROS2Demo/topic/Sport/Speed_cpp_pkg/src/demp_cpp_topic/install/demp_cpp_topic/share/demp_cpp_topic/environment/path.sh
[1.344s] -- Installing: /home/quella/ROS2Demo/topic/Sport/Speed_cpp_pkg/src/demp_cpp_topic/install/demp_cpp_topic/share/demp_cpp_topic/environment/path.dsv
[1.344s] -- Installing: /home/quella/ROS2Demo/topic/Sport/Speed_cpp_pkg/src/demp_cpp_topic/install/demp_cpp_topic/share/demp_cpp_topic/local_setup.bash
[1.344s] -- Installing: /home/quella/ROS2Demo/topic/Sport/Speed_cpp_pkg/src/demp_cpp_topic/install/demp_cpp_topic/share/demp_cpp_topic/local_setup.sh
[1.345s] -- Installing: /home/quella/ROS2Demo/topic/Sport/Speed_cpp_pkg/src/demp_cpp_topic/install/demp_cpp_topic/share/demp_cpp_topic/local_setup.zsh
[1.345s] -- Installing: /home/quella/ROS2Demo/topic/Sport/Speed_cpp_pkg/src/demp_cpp_topic/install/demp_cpp_topic/share/demp_cpp_topic/local_setup.dsv
[1.345s] -- Installing: /home/quella/ROS2Demo/topic/Sport/Speed_cpp_pkg/src/demp_cpp_topic/install/demp_cpp_topic/share/demp_cpp_topic/package.dsv
[1.345s] -- Installing: /home/quella/ROS2Demo/topic/Sport/Speed_cpp_pkg/src/demp_cpp_topic/install/demp_cpp_topic/share/ament_index/resource_index/packages/demp_cpp_topic
[1.345s] -- Installing: /home/quella/ROS2Demo/topic/Sport/Speed_cpp_pkg/src/demp_cpp_topic/install/demp_cpp_topic/share/demp_cpp_topic/cmake/demp_cpp_topicConfig.cmake
[1.345s] -- Installing: /home/quella/ROS2Demo/topic/Sport/Speed_cpp_pkg/src/demp_cpp_topic/install/demp_cpp_topic/share/demp_cpp_topic/cmake/demp_cpp_topicConfig-version.cmake
[1.346s] -- Installing: /home/quella/ROS2Demo/topic/Sport/Speed_cpp_pkg/src/demp_cpp_topic/install/demp_cpp_topic/share/demp_cpp_topic/package.xml
[1.348s] Invoked command in '/home/quella/ROS2Demo/topic/Sport/Speed_cpp_pkg/src/demp_cpp_topic/build/demp_cpp_topic' returned '0': CMAKE_PREFIX_PATH=${CMAKE_PREFIX_PATH}:/opt/ros/humble /usr/bin/cmake --install /home/quella/ROS2Demo/topic/Sport/Speed_cpp_pkg/src/demp_cpp_topic/build/demp_cpp_topic
