[0.032s] Invoking command in '/home/quella/ROS2Demo/object/object_pkg/build/object_pkg': CMAKE_PREFIX_PATH=/opt/ros/humble /usr/bin/cmake /home/quella/ROS2Demo/object/object_pkg -DCMAKE_INSTALL_PREFIX=/home/quella/ROS2Demo/object/object_pkg/install/object_pkg
[0.122s] -- The C compiler identification is GNU 11.4.0
[0.181s] -- The CXX compiler identification is GNU 11.4.0
[0.188s] -- Detecting C compiler ABI info
[0.259s] -- Detecting C compiler ABI info - done
[0.265s] -- Check for working C compiler: /usr/bin/cc - skipped
[0.265s] -- Detecting C compile features
[0.265s] -- Detecting C compile features - done
[0.268s] -- Detecting CXX compiler ABI info
[0.353s] -- Detecting CXX compiler ABI info - done
[0.358s] -- Check for working CXX compiler: /usr/bin/c++ - skipped
[0.358s] -- Detecting CXX compile features
[0.359s] -- Detecting CXX compile features - done
[0.360s] -- Found ament_cmake: 1.3.12 (/opt/ros/humble/share/ament_cmake/cmake)
[0.487s] -- Found Python3: /usr/bin/python3 (found version "3.10.12") found components: Interpreter 
[0.575s] -- Found rclcpp: 16.0.14 (/opt/ros/humble/share/rclcpp/cmake)
[0.602s] -- Found rosidl_generator_c: 3.1.7 (/opt/ros/humble/share/rosidl_generator_c/cmake)
[0.605s] -- Found rosidl_adapter: 3.1.7 (/opt/ros/humble/share/rosidl_adapter/cmake)
[0.611s] -- Found rosidl_generator_cpp: 3.1.7 (/opt/ros/humble/share/rosidl_generator_cpp/cmake)
[0.620s] -- Using all available rosidl_typesupport_c: rosidl_typesupport_fastrtps_c;rosidl_typesupport_introspection_c
[0.632s] -- Using all available rosidl_typesupport_cpp: rosidl_typesupport_fastrtps_cpp;rosidl_typesupport_introspection_cpp
[0.661s] -- Found rmw_implementation_cmake: 6.1.2 (/opt/ros/humble/share/rmw_implementation_cmake/cmake)
[0.664s] -- Found rmw_fastrtps_cpp: 6.2.8 (/opt/ros/humble/share/rmw_fastrtps_cpp/cmake)
[0.796s] -- Found OpenSSL: /usr/lib/x86_64-linux-gnu/libcrypto.so (found version "3.0.2")  
[0.817s] -- Found FastRTPS: /opt/ros/humble/include  
[0.850s] -- Using RMW implementation 'rmw_fastrtps_cpp' as default
[0.855s] -- Looking for pthread.h
[0.934s] -- Looking for pthread.h - found
[0.934s] -- Performing Test CMAKE_HAVE_LIBC_PTHREAD
[1.013s] -- Performing Test CMAKE_HAVE_LIBC_PTHREAD - Success
[1.014s] -- Found Threads: TRUE  
[1.053s] -- Found ament_lint_auto: 0.12.14 (/opt/ros/humble/share/ament_lint_auto/cmake)
[1.127s] -- Added test 'cppcheck' to perform static code analysis on C / C++ code
[1.127s] -- Configured cppcheck include dirs: 
[1.127s] -- Configured cppcheck exclude dirs and/or files: 
[1.131s] -- Added test 'flake8' to check Python code syntax and style conventions
[1.132s] -- Added test 'lint_cmake' to check CMake code style
[1.133s] -- Added test 'pep257' to check Python code against some of the docstring style conventions in PEP 257
[1.143s] -- Added test 'uncrustify' to check C / C++ code style
[1.143s] -- Configured uncrustify additional arguments: 
[1.146s] -- Added test 'xmllint' to check XML markup files
[1.147s] -- Configuring done
[1.153s] -- Generating done
[1.156s] -- Build files have been written to: /home/quella/ROS2Demo/object/object_pkg/build/object_pkg
[1.164s] Invoked command in '/home/quella/ROS2Demo/object/object_pkg/build/object_pkg' returned '0': CMAKE_PREFIX_PATH=/opt/ros/humble /usr/bin/cmake /home/quella/ROS2Demo/object/object_pkg -DCMAKE_INSTALL_PREFIX=/home/quella/ROS2Demo/object/object_pkg/install/object_pkg
[1.166s] Invoking command in '/home/quella/ROS2Demo/object/object_pkg/build/object_pkg': CMAKE_PREFIX_PATH=/opt/ros/humble /usr/bin/cmake --build /home/quella/ROS2Demo/object/object_pkg/build/object_pkg -- -j16 -l16
[1.221s] [ 50%] [32mBuilding CXX object CMakeFiles/person_node.dir/src/person_node.cpp.o[0m
[3.546s] [100%] [32m[1mLinking CXX executable person_node[0m
[3.651s] [100%] Built target person_node
[3.662s] Invoked command in '/home/quella/ROS2Demo/object/object_pkg/build/object_pkg' returned '0': CMAKE_PREFIX_PATH=/opt/ros/humble /usr/bin/cmake --build /home/quella/ROS2Demo/object/object_pkg/build/object_pkg -- -j16 -l16
[3.673s] Invoking command in '/home/quella/ROS2Demo/object/object_pkg/build/object_pkg': CMAKE_PREFIX_PATH=/opt/ros/humble /usr/bin/cmake --install /home/quella/ROS2Demo/object/object_pkg/build/object_pkg
[3.681s] -- Install configuration: ""
[3.681s] -- Installing: /home/quella/ROS2Demo/object/object_pkg/install/object_pkg/lib/object_pkg/person_node
[3.681s] -- Set runtime path of "/home/quella/ROS2Demo/object/object_pkg/install/object_pkg/lib/object_pkg/person_node" to ""
[3.681s] -- Installing: /home/quella/ROS2Demo/object/object_pkg/install/object_pkg/share/ament_index/resource_index/package_run_dependencies/object_pkg
[3.681s] -- Installing: /home/quella/ROS2Demo/object/object_pkg/install/object_pkg/share/ament_index/resource_index/parent_prefix_path/object_pkg
[3.682s] -- Installing: /home/quella/ROS2Demo/object/object_pkg/install/object_pkg/share/object_pkg/environment/ament_prefix_path.sh
[3.682s] -- Installing: /home/quella/ROS2Demo/object/object_pkg/install/object_pkg/share/object_pkg/environment/ament_prefix_path.dsv
[3.682s] -- Installing: /home/quella/ROS2Demo/object/object_pkg/install/object_pkg/share/object_pkg/environment/path.sh
[3.682s] -- Installing: /home/quella/ROS2Demo/object/object_pkg/install/object_pkg/share/object_pkg/environment/path.dsv
[3.682s] -- Installing: /home/quella/ROS2Demo/object/object_pkg/install/object_pkg/share/object_pkg/local_setup.bash
[3.682s] -- Installing: /home/quella/ROS2Demo/object/object_pkg/install/object_pkg/share/object_pkg/local_setup.sh
[3.683s] -- Installing: /home/quella/ROS2Demo/object/object_pkg/install/object_pkg/share/object_pkg/local_setup.zsh
[3.684s] -- Installing: /home/quella/ROS2Demo/object/object_pkg/install/object_pkg/share/object_pkg/local_setup.dsv
[3.684s] -- Installing: /home/quella/ROS2Demo/object/object_pkg/install/object_pkg/share/object_pkg/package.dsv
[3.684s] -- Installing: /home/quella/ROS2Demo/object/object_pkg/install/object_pkg/share/ament_index/resource_index/packages/object_pkg
[3.684s] -- Installing: /home/quella/ROS2Demo/object/object_pkg/install/object_pkg/share/object_pkg/cmake/object_pkgConfig.cmake
[3.684s] -- Installing: /home/quella/ROS2Demo/object/object_pkg/install/object_pkg/share/object_pkg/cmake/object_pkgConfig-version.cmake
[3.684s] -- Installing: /home/quella/ROS2Demo/object/object_pkg/install/object_pkg/share/object_pkg/package.xml
[3.685s] Invoked command in '/home/quella/ROS2Demo/object/object_pkg/build/object_pkg' returned '0': CMAKE_PREFIX_PATH=/opt/ros/humble /usr/bin/cmake --install /home/quella/ROS2Demo/object/object_pkg/build/object_pkg
