[0.084s] DEBUG:colcon:Command line arguments: ['/usr/bin/colcon', 'build']
[0.085s] DEBUG:colcon:Parsed command line arguments: Namespace(log_base=None, log_level=None, verb_name='build', build_base='build', install_base='install', merge_install=False, symlink_install=False, test_result_base=None, continue_on_error=False, executor='parallel', parallel_workers=16, event_handlers=None, ignore_user_meta=False, metas=['./colcon.meta'], base_paths=['.'], packages_ignore=None, packages_ignore_regex=None, paths=None, packages_up_to=None, packages_up_to_regex=None, packages_above=None, packages_above_and_dependencies=None, packages_above_depth=None, packages_select_by_dep=None, packages_skip_by_dep=None, packages_skip_up_to=None, packages_select_build_failed=False, packages_skip_build_finished=False, packages_select_test_failures=False, packages_skip_test_passed=False, packages_select=None, packages_skip=None, packages_select_regex=None, packages_skip_regex=None, packages_start=None, packages_end=None, allow_overriding=[], cmake_args=None, cmake_target=None, cmake_target_skip_unavailable=False, cmake_clean_cache=False, cmake_clean_first=False, cmake_force_configure=False, ament_cmake_args=None, catkin_cmake_args=None, catkin_skip_building_tests=False, verb_parser=<colcon_defaults.argument_parser.defaults.DefaultArgumentsDecorator object at 0x728e82a3ad70>, verb_extension=<colcon_core.verb.build.BuildVerb object at 0x728e82a3a800>, main=<bound method BuildVerb.main of <colcon_core.verb.build.BuildVerb object at 0x728e82a3a800>>)
[0.221s] Level 1:colcon.colcon_core.package_discovery:discover_packages(colcon_meta) check parameters
[0.221s] Level 1:colcon.colcon_core.package_discovery:discover_packages(recursive) check parameters
[0.221s] Level 1:colcon.colcon_core.package_discovery:discover_packages(ignore) check parameters
[0.221s] Level 1:colcon.colcon_core.package_discovery:discover_packages(path) check parameters
[0.221s] Level 1:colcon.colcon_core.package_discovery:discover_packages(colcon_meta) discover
[0.222s] Level 1:colcon.colcon_core.package_discovery:discover_packages(recursive) discover
[0.222s] INFO:colcon.colcon_core.package_discovery:Crawling recursively for packages in '/home/quella/ROS2Demo/topic/Sport/pose_cpp_pkg/src/pose_cpp_topic'
[0.222s] Level 1:colcon.colcon_core.package_identification:_identify(.) by extensions ['ignore', 'ignore_ament_install']
[0.222s] Level 1:colcon.colcon_core.package_identification:_identify(.) by extension 'ignore'
[0.222s] Level 1:colcon.colcon_core.package_identification:_identify(.) by extension 'ignore_ament_install'
[0.222s] Level 1:colcon.colcon_core.package_identification:_identify(.) by extensions ['colcon_pkg']
[0.222s] Level 1:colcon.colcon_core.package_identification:_identify(.) by extension 'colcon_pkg'
[0.222s] Level 1:colcon.colcon_core.package_identification:_identify(.) by extensions ['colcon_meta']
[0.222s] Level 1:colcon.colcon_core.package_identification:_identify(.) by extension 'colcon_meta'
[0.222s] Level 1:colcon.colcon_core.package_identification:_identify(.) by extensions ['ros']
[0.222s] Level 1:colcon.colcon_core.package_identification:_identify(.) by extension 'ros'
[0.233s] DEBUG:colcon.colcon_core.package_identification:Package '.' with type 'ros.ament_cmake' and name 'pose_cpp_topic'
[0.233s] Level 1:colcon.colcon_core.package_discovery:discover_packages(recursive) using defaults
[0.233s] Level 1:colcon.colcon_core.package_discovery:discover_packages(ignore) discover
[0.233s] Level 1:colcon.colcon_core.package_discovery:discover_packages(ignore) using defaults
[0.233s] Level 1:colcon.colcon_core.package_discovery:discover_packages(path) discover
[0.233s] Level 1:colcon.colcon_core.package_discovery:discover_packages(path) using defaults
[0.248s] Level 1:colcon.colcon_core.package_discovery:discover_packages(prefix_path) check parameters
[0.249s] Level 1:colcon.colcon_core.package_discovery:discover_packages(prefix_path) discover
[0.250s] DEBUG:colcon.colcon_installed_package_information.package_discovery:Found 1 installed packages in /home/quella/ROS2Demo/topic/Sport/pose_cpp_pkg/src/pose_cpp_topic/install
[0.250s] DEBUG:colcon.colcon_installed_package_information.package_discovery:Found 1 installed packages in /home/quella/ROS2Demo/topic/Sport/Speed_cpp_pkg/src/demp_cpp_topic/install
[0.251s] DEBUG:colcon.colcon_installed_package_information.package_discovery:Found 1 installed packages in /home/quella/ROS2Demo/object/object_pkg/install
[0.253s] DEBUG:colcon.colcon_installed_package_information.package_discovery:Found 271 installed packages in /opt/ros/humble
[0.255s] Level 1:colcon.colcon_core.package_discovery:discover_packages(prefix_path) using defaults
[0.310s] Level 5:colcon.colcon_core.verb:set package 'pose_cpp_topic' build argument 'cmake_args' from command line to 'None'
[0.310s] Level 5:colcon.colcon_core.verb:set package 'pose_cpp_topic' build argument 'cmake_target' from command line to 'None'
[0.310s] Level 5:colcon.colcon_core.verb:set package 'pose_cpp_topic' build argument 'cmake_target_skip_unavailable' from command line to 'False'
[0.310s] Level 5:colcon.colcon_core.verb:set package 'pose_cpp_topic' build argument 'cmake_clean_cache' from command line to 'False'
[0.310s] Level 5:colcon.colcon_core.verb:set package 'pose_cpp_topic' build argument 'cmake_clean_first' from command line to 'False'
[0.310s] Level 5:colcon.colcon_core.verb:set package 'pose_cpp_topic' build argument 'cmake_force_configure' from command line to 'False'
[0.311s] Level 5:colcon.colcon_core.verb:set package 'pose_cpp_topic' build argument 'ament_cmake_args' from command line to 'None'
[0.311s] Level 5:colcon.colcon_core.verb:set package 'pose_cpp_topic' build argument 'catkin_cmake_args' from command line to 'None'
[0.311s] Level 5:colcon.colcon_core.verb:set package 'pose_cpp_topic' build argument 'catkin_skip_building_tests' from command line to 'False'
[0.311s] DEBUG:colcon.colcon_core.verb:Building package 'pose_cpp_topic' with the following arguments: {'ament_cmake_args': None, 'build_base': '/home/quella/ROS2Demo/topic/Sport/pose_cpp_pkg/src/pose_cpp_topic/build/pose_cpp_topic', 'catkin_cmake_args': None, 'catkin_skip_building_tests': False, 'cmake_args': None, 'cmake_clean_cache': False, 'cmake_clean_first': False, 'cmake_force_configure': False, 'cmake_target': None, 'cmake_target_skip_unavailable': False, 'install_base': '/home/quella/ROS2Demo/topic/Sport/pose_cpp_pkg/src/pose_cpp_topic/install/pose_cpp_topic', 'merge_install': False, 'path': '/home/quella/ROS2Demo/topic/Sport/pose_cpp_pkg/src/pose_cpp_topic', 'symlink_install': False, 'test_result_base': None}
[0.311s] INFO:colcon.colcon_core.executor:Executing jobs using 'parallel' executor
[0.312s] DEBUG:colcon.colcon_parallel_executor.executor.parallel:run_until_complete
[0.312s] INFO:colcon.colcon_ros.task.ament_cmake.build:Building ROS package in '/home/quella/ROS2Demo/topic/Sport/pose_cpp_pkg/src/pose_cpp_topic' with build type 'ament_cmake'
[0.312s] INFO:colcon.colcon_cmake.task.cmake.build:Building CMake package in '/home/quella/ROS2Demo/topic/Sport/pose_cpp_pkg/src/pose_cpp_topic'
[0.315s] INFO:colcon.colcon_core.plugin_system:Skipping extension 'colcon_core.shell.bat': Not used on non-Windows systems
[0.315s] INFO:colcon.colcon_core.shell:Skip shell extension 'powershell' for command environment: Not usable outside of PowerShell
[0.315s] DEBUG:colcon.colcon_core.shell:Skip shell extension 'dsv' for command environment
[0.328s] DEBUG:colcon.colcon_core.event_handler.log_command:Invoking command in '/home/quella/ROS2Demo/topic/Sport/pose_cpp_pkg/src/pose_cpp_topic/build/pose_cpp_topic': CMAKE_PREFIX_PATH=${CMAKE_PREFIX_PATH}:/opt/ros/humble /usr/bin/cmake --build /home/quella/ROS2Demo/topic/Sport/pose_cpp_pkg/src/pose_cpp_topic/build/pose_cpp_topic -- -j16 -l16
[9.455s] DEBUG:colcon.colcon_core.event_handler.log_command:Invoked command in '/home/quella/ROS2Demo/topic/Sport/pose_cpp_pkg/src/pose_cpp_topic/build/pose_cpp_topic' returned '0': CMAKE_PREFIX_PATH=${CMAKE_PREFIX_PATH}:/opt/ros/humble /usr/bin/cmake --build /home/quella/ROS2Demo/topic/Sport/pose_cpp_pkg/src/pose_cpp_topic/build/pose_cpp_topic -- -j16 -l16
[9.466s] DEBUG:colcon.colcon_core.event_handler.log_command:Invoking command in '/home/quella/ROS2Demo/topic/Sport/pose_cpp_pkg/src/pose_cpp_topic/build/pose_cpp_topic': CMAKE_PREFIX_PATH=${CMAKE_PREFIX_PATH}:/opt/ros/humble /usr/bin/cmake --install /home/quella/ROS2Demo/topic/Sport/pose_cpp_pkg/src/pose_cpp_topic/build/pose_cpp_topic
[9.480s] Level 1:colcon.colcon_core.environment:create_environment_scripts_only(pose_cpp_topic)
[9.481s] DEBUG:colcon.colcon_core.event_handler.log_command:Invoked command in '/home/quella/ROS2Demo/topic/Sport/pose_cpp_pkg/src/pose_cpp_topic/build/pose_cpp_topic' returned '0': CMAKE_PREFIX_PATH=${CMAKE_PREFIX_PATH}:/opt/ros/humble /usr/bin/cmake --install /home/quella/ROS2Demo/topic/Sport/pose_cpp_pkg/src/pose_cpp_topic/build/pose_cpp_topic
[9.482s] Level 1:colcon.colcon_core.environment:checking '/home/quella/ROS2Demo/topic/Sport/pose_cpp_pkg/src/pose_cpp_topic/install/pose_cpp_topic' for CMake module files
[9.483s] Level 1:colcon.colcon_core.environment:checking '/home/quella/ROS2Demo/topic/Sport/pose_cpp_pkg/src/pose_cpp_topic/install/pose_cpp_topic' for CMake config files
[9.483s] Level 1:colcon.colcon_core.shell:create_environment_hook('pose_cpp_topic', 'cmake_prefix_path')
[9.483s] INFO:colcon.colcon_core.shell:Creating environment hook '/home/quella/ROS2Demo/topic/Sport/pose_cpp_pkg/src/pose_cpp_topic/install/pose_cpp_topic/share/pose_cpp_topic/hook/cmake_prefix_path.ps1'
[9.484s] INFO:colcon.colcon_core.shell:Creating environment descriptor '/home/quella/ROS2Demo/topic/Sport/pose_cpp_pkg/src/pose_cpp_topic/install/pose_cpp_topic/share/pose_cpp_topic/hook/cmake_prefix_path.dsv'
[9.484s] INFO:colcon.colcon_core.shell:Creating environment hook '/home/quella/ROS2Demo/topic/Sport/pose_cpp_pkg/src/pose_cpp_topic/install/pose_cpp_topic/share/pose_cpp_topic/hook/cmake_prefix_path.sh'
[9.485s] Level 1:colcon.colcon_core.environment:checking '/home/quella/ROS2Demo/topic/Sport/pose_cpp_pkg/src/pose_cpp_topic/install/pose_cpp_topic/lib'
[9.486s] Level 1:colcon.colcon_core.environment:checking '/home/quella/ROS2Demo/topic/Sport/pose_cpp_pkg/src/pose_cpp_topic/install/pose_cpp_topic/bin'
[9.486s] Level 1:colcon.colcon_core.environment:checking '/home/quella/ROS2Demo/topic/Sport/pose_cpp_pkg/src/pose_cpp_topic/install/pose_cpp_topic/lib/pkgconfig/pose_cpp_topic.pc'
[9.486s] Level 1:colcon.colcon_core.environment:checking '/home/quella/ROS2Demo/topic/Sport/pose_cpp_pkg/src/pose_cpp_topic/install/pose_cpp_topic/lib/python3.10/site-packages'
[9.486s] Level 1:colcon.colcon_core.environment:checking '/home/quella/ROS2Demo/topic/Sport/pose_cpp_pkg/src/pose_cpp_topic/install/pose_cpp_topic/bin'
[9.486s] INFO:colcon.colcon_core.shell:Creating package script '/home/quella/ROS2Demo/topic/Sport/pose_cpp_pkg/src/pose_cpp_topic/install/pose_cpp_topic/share/pose_cpp_topic/package.ps1'
[9.487s] INFO:colcon.colcon_core.shell:Creating package descriptor '/home/quella/ROS2Demo/topic/Sport/pose_cpp_pkg/src/pose_cpp_topic/install/pose_cpp_topic/share/pose_cpp_topic/package.dsv'
[9.488s] INFO:colcon.colcon_core.shell:Creating package script '/home/quella/ROS2Demo/topic/Sport/pose_cpp_pkg/src/pose_cpp_topic/install/pose_cpp_topic/share/pose_cpp_topic/package.sh'
[9.488s] INFO:colcon.colcon_core.shell:Creating package script '/home/quella/ROS2Demo/topic/Sport/pose_cpp_pkg/src/pose_cpp_topic/install/pose_cpp_topic/share/pose_cpp_topic/package.bash'
[9.489s] INFO:colcon.colcon_core.shell:Creating package script '/home/quella/ROS2Demo/topic/Sport/pose_cpp_pkg/src/pose_cpp_topic/install/pose_cpp_topic/share/pose_cpp_topic/package.zsh'
[9.490s] Level 1:colcon.colcon_core.environment:create_file_with_runtime_dependencies(/home/quella/ROS2Demo/topic/Sport/pose_cpp_pkg/src/pose_cpp_topic/install/pose_cpp_topic/share/colcon-core/packages/pose_cpp_topic)
[9.490s] Level 1:colcon.colcon_core.environment:create_environment_scripts_only(pose_cpp_topic)
[9.490s] Level 1:colcon.colcon_core.environment:checking '/home/quella/ROS2Demo/topic/Sport/pose_cpp_pkg/src/pose_cpp_topic/install/pose_cpp_topic' for CMake module files
[9.491s] Level 1:colcon.colcon_core.environment:checking '/home/quella/ROS2Demo/topic/Sport/pose_cpp_pkg/src/pose_cpp_topic/install/pose_cpp_topic' for CMake config files
[9.491s] Level 1:colcon.colcon_core.shell:create_environment_hook('pose_cpp_topic', 'cmake_prefix_path')
[9.491s] INFO:colcon.colcon_core.shell:Creating environment hook '/home/quella/ROS2Demo/topic/Sport/pose_cpp_pkg/src/pose_cpp_topic/install/pose_cpp_topic/share/pose_cpp_topic/hook/cmake_prefix_path.ps1'
[9.492s] INFO:colcon.colcon_core.shell:Creating environment descriptor '/home/quella/ROS2Demo/topic/Sport/pose_cpp_pkg/src/pose_cpp_topic/install/pose_cpp_topic/share/pose_cpp_topic/hook/cmake_prefix_path.dsv'
[9.492s] INFO:colcon.colcon_core.shell:Creating environment hook '/home/quella/ROS2Demo/topic/Sport/pose_cpp_pkg/src/pose_cpp_topic/install/pose_cpp_topic/share/pose_cpp_topic/hook/cmake_prefix_path.sh'
[9.493s] Level 1:colcon.colcon_core.environment:checking '/home/quella/ROS2Demo/topic/Sport/pose_cpp_pkg/src/pose_cpp_topic/install/pose_cpp_topic/lib'
[9.493s] Level 1:colcon.colcon_core.environment:checking '/home/quella/ROS2Demo/topic/Sport/pose_cpp_pkg/src/pose_cpp_topic/install/pose_cpp_topic/bin'
[9.493s] Level 1:colcon.colcon_core.environment:checking '/home/quella/ROS2Demo/topic/Sport/pose_cpp_pkg/src/pose_cpp_topic/install/pose_cpp_topic/lib/pkgconfig/pose_cpp_topic.pc'
[9.493s] Level 1:colcon.colcon_core.environment:checking '/home/quella/ROS2Demo/topic/Sport/pose_cpp_pkg/src/pose_cpp_topic/install/pose_cpp_topic/lib/python3.10/site-packages'
[9.493s] Level 1:colcon.colcon_core.environment:checking '/home/quella/ROS2Demo/topic/Sport/pose_cpp_pkg/src/pose_cpp_topic/install/pose_cpp_topic/bin'
[9.493s] INFO:colcon.colcon_core.shell:Creating package script '/home/quella/ROS2Demo/topic/Sport/pose_cpp_pkg/src/pose_cpp_topic/install/pose_cpp_topic/share/pose_cpp_topic/package.ps1'
[9.494s] INFO:colcon.colcon_core.shell:Creating package descriptor '/home/quella/ROS2Demo/topic/Sport/pose_cpp_pkg/src/pose_cpp_topic/install/pose_cpp_topic/share/pose_cpp_topic/package.dsv'
[9.494s] INFO:colcon.colcon_core.shell:Creating package script '/home/quella/ROS2Demo/topic/Sport/pose_cpp_pkg/src/pose_cpp_topic/install/pose_cpp_topic/share/pose_cpp_topic/package.sh'
[9.495s] INFO:colcon.colcon_core.shell:Creating package script '/home/quella/ROS2Demo/topic/Sport/pose_cpp_pkg/src/pose_cpp_topic/install/pose_cpp_topic/share/pose_cpp_topic/package.bash'
[9.495s] INFO:colcon.colcon_core.shell:Creating package script '/home/quella/ROS2Demo/topic/Sport/pose_cpp_pkg/src/pose_cpp_topic/install/pose_cpp_topic/share/pose_cpp_topic/package.zsh'
[9.496s] Level 1:colcon.colcon_core.environment:create_file_with_runtime_dependencies(/home/quella/ROS2Demo/topic/Sport/pose_cpp_pkg/src/pose_cpp_topic/install/pose_cpp_topic/share/colcon-core/packages/pose_cpp_topic)
[9.496s] DEBUG:colcon.colcon_parallel_executor.executor.parallel:closing loop
[9.496s] DEBUG:colcon.colcon_parallel_executor.executor.parallel:loop closed
[9.496s] DEBUG:colcon.colcon_parallel_executor.executor.parallel:run_until_complete finished with '0'
[9.496s] DEBUG:colcon.colcon_core.event_reactor:joining thread
[9.501s] INFO:colcon.colcon_core.plugin_system:Skipping extension 'colcon_notification.desktop_notification.terminal_notifier': Not used on non-Darwin systems
[9.501s] INFO:colcon.colcon_core.plugin_system:Skipping extension 'colcon_notification.desktop_notification.win32': Not used on non-Windows systems
[9.501s] INFO:colcon.colcon_notification.desktop_notification:Sending desktop notification using 'notify2'
[9.515s] DEBUG:colcon.colcon_core.event_reactor:joined thread
[9.516s] INFO:colcon.colcon_core.shell:Creating prefix script '/home/quella/ROS2Demo/topic/Sport/pose_cpp_pkg/src/pose_cpp_topic/install/local_setup.ps1'
[9.517s] INFO:colcon.colcon_core.shell:Creating prefix util module '/home/quella/ROS2Demo/topic/Sport/pose_cpp_pkg/src/pose_cpp_topic/install/_local_setup_util_ps1.py'
[9.518s] INFO:colcon.colcon_core.shell:Creating prefix chain script '/home/quella/ROS2Demo/topic/Sport/pose_cpp_pkg/src/pose_cpp_topic/install/setup.ps1'
[9.519s] INFO:colcon.colcon_core.shell:Creating prefix script '/home/quella/ROS2Demo/topic/Sport/pose_cpp_pkg/src/pose_cpp_topic/install/local_setup.sh'
[9.520s] INFO:colcon.colcon_core.shell:Creating prefix util module '/home/quella/ROS2Demo/topic/Sport/pose_cpp_pkg/src/pose_cpp_topic/install/_local_setup_util_sh.py'
[9.521s] INFO:colcon.colcon_core.shell:Creating prefix chain script '/home/quella/ROS2Demo/topic/Sport/pose_cpp_pkg/src/pose_cpp_topic/install/setup.sh'
[9.522s] INFO:colcon.colcon_core.shell:Creating prefix script '/home/quella/ROS2Demo/topic/Sport/pose_cpp_pkg/src/pose_cpp_topic/install/local_setup.bash'
[9.522s] INFO:colcon.colcon_core.shell:Creating prefix chain script '/home/quella/ROS2Demo/topic/Sport/pose_cpp_pkg/src/pose_cpp_topic/install/setup.bash'
[9.524s] INFO:colcon.colcon_core.shell:Creating prefix script '/home/quella/ROS2Demo/topic/Sport/pose_cpp_pkg/src/pose_cpp_topic/install/local_setup.zsh'
[9.524s] INFO:colcon.colcon_core.shell:Creating prefix chain script '/home/quella/ROS2Demo/topic/Sport/pose_cpp_pkg/src/pose_cpp_topic/install/setup.zsh'
