[0.010s] Invoking command in '/home/quella/ROS2Demo/topic/Sport/Speed_cpp_pkg/src/demp_cpp_topic/build/demp_cpp_topic': CMAKE_PREFIX_PATH=${CMAKE_PREFIX_PATH}:/opt/ros/humble /usr/bin/cmake --build /home/quella/ROS2Demo/topic/Sport/Speed_cpp_pkg/src/demp_cpp_topic/build/demp_cpp_topic -- -j16 -l16
[0.040s] -- Found ament_cmake: 1.3.12 (/opt/ros/humble/share/ament_cmake/cmake)
[0.146s] -- Found rclcpp: 16.0.14 (/opt/ros/humble/share/rclcpp/cmake)
[0.166s] -- Found rosidl_generator_c: 3.1.7 (/opt/ros/humble/share/rosidl_generator_c/cmake)
[0.168s] -- Found rosidl_adapter: 3.1.7 (/opt/ros/humble/share/rosidl_adapter/cmake)
[0.173s] -- Found rosidl_generator_cpp: 3.1.7 (/opt/ros/humble/share/rosidl_generator_cpp/cmake)
[0.180s] -- Using all available rosidl_typesupport_c: rosidl_typesupport_fastrtps_c;rosidl_typesupport_introspection_c
[0.189s] -- Using all available rosidl_typesupport_cpp: rosidl_typesupport_fastrtps_cpp;rosidl_typesupport_introspection_cpp
[0.214s] -- Found rmw_implementation_cmake: 6.1.2 (/opt/ros/humble/share/rmw_implementation_cmake/cmake)
[0.214s] -- Found rmw_fastrtps_cpp: 6.2.8 (/opt/ros/humble/share/rmw_fastrtps_cpp/cmake)
[0.296s] -- Using RMW implementation 'rmw_fastrtps_cpp' as default
[0.333s] -- Found geometry_msgs: 4.9.0 (/opt/ros/humble/share/geometry_msgs/cmake)
[0.342s] -- Found turtlesim: 1.4.2 (/opt/ros/humble/share/turtlesim/cmake)
[0.370s] -- Found ament_lint_auto: 0.12.14 (/opt/ros/humble/share/ament_lint_auto/cmake)
[0.435s] -- Added test 'cppcheck' to perform static code analysis on C / C++ code
[0.435s] -- Configured cppcheck include dirs: 
[0.435s] -- Configured cppcheck exclude dirs and/or files: 
[0.436s] -- Added test 'flake8' to check Python code syntax and style conventions
[0.439s] -- Added test 'lint_cmake' to check CMake code style
[0.440s] -- Added test 'pep257' to check Python code against some of the docstring style conventions in PEP 257
[0.449s] -- Added test 'uncrustify' to check C / C++ code style
[0.449s] -- Configured uncrustify additional arguments: 
[0.451s] -- Added test 'xmllint' to check XML markup files
[0.451s] -- Configuring done
[0.460s] -- Generating done
[0.464s] -- Build files have been written to: /home/quella/ROS2Demo/topic/Sport/Speed_cpp_pkg/src/demp_cpp_topic/build/demp_cpp_topic
[0.506s] [ 50%] [32mBuilding CXX object CMakeFiles/turtle_circle.dir/src/turtle_circle.cpp.o[0m
[4.034s] [100%] [32m[1mLinking CXX executable turtle_circle[0m
[4.227s] [100%] Built target turtle_circle
[4.240s] Invoked command in '/home/quella/ROS2Demo/topic/Sport/Speed_cpp_pkg/src/demp_cpp_topic/build/demp_cpp_topic' returned '0': CMAKE_PREFIX_PATH=${CMAKE_PREFIX_PATH}:/opt/ros/humble /usr/bin/cmake --build /home/quella/ROS2Demo/topic/Sport/Speed_cpp_pkg/src/demp_cpp_topic/build/demp_cpp_topic -- -j16 -l16
[4.252s] Invoking command in '/home/quella/ROS2Demo/topic/Sport/Speed_cpp_pkg/src/demp_cpp_topic/build/demp_cpp_topic': CMAKE_PREFIX_PATH=${CMAKE_PREFIX_PATH}:/opt/ros/humble /usr/bin/cmake --install /home/quella/ROS2Demo/topic/Sport/Speed_cpp_pkg/src/demp_cpp_topic/build/demp_cpp_topic
[4.260s] -- Install configuration: ""
[4.260s] -- Installing: /home/quella/ROS2Demo/topic/Sport/Speed_cpp_pkg/src/demp_cpp_topic/install/demp_cpp_topic/lib/demp_cpp_topic/turtle_circle
[4.261s] -- Set runtime path of "/home/quella/ROS2Demo/topic/Sport/Speed_cpp_pkg/src/demp_cpp_topic/install/demp_cpp_topic/lib/demp_cpp_topic/turtle_circle" to ""
[4.261s] -- Up-to-date: /home/quella/ROS2Demo/topic/Sport/Speed_cpp_pkg/src/demp_cpp_topic/install/demp_cpp_topic/share/ament_index/resource_index/package_run_dependencies/demp_cpp_topic
[4.261s] -- Up-to-date: /home/quella/ROS2Demo/topic/Sport/Speed_cpp_pkg/src/demp_cpp_topic/install/demp_cpp_topic/share/ament_index/resource_index/parent_prefix_path/demp_cpp_topic
[4.261s] -- Up-to-date: /home/quella/ROS2Demo/topic/Sport/Speed_cpp_pkg/src/demp_cpp_topic/install/demp_cpp_topic/share/demp_cpp_topic/environment/ament_prefix_path.sh
[4.261s] -- Installing: /home/quella/ROS2Demo/topic/Sport/Speed_cpp_pkg/src/demp_cpp_topic/install/demp_cpp_topic/share/demp_cpp_topic/environment/ament_prefix_path.dsv
[4.261s] -- Up-to-date: /home/quella/ROS2Demo/topic/Sport/Speed_cpp_pkg/src/demp_cpp_topic/install/demp_cpp_topic/share/demp_cpp_topic/environment/path.sh
[4.262s] -- Installing: /home/quella/ROS2Demo/topic/Sport/Speed_cpp_pkg/src/demp_cpp_topic/install/demp_cpp_topic/share/demp_cpp_topic/environment/path.dsv
[4.262s] -- Up-to-date: /home/quella/ROS2Demo/topic/Sport/Speed_cpp_pkg/src/demp_cpp_topic/install/demp_cpp_topic/share/demp_cpp_topic/local_setup.bash
[4.262s] -- Up-to-date: /home/quella/ROS2Demo/topic/Sport/Speed_cpp_pkg/src/demp_cpp_topic/install/demp_cpp_topic/share/demp_cpp_topic/local_setup.sh
[4.262s] -- Up-to-date: /home/quella/ROS2Demo/topic/Sport/Speed_cpp_pkg/src/demp_cpp_topic/install/demp_cpp_topic/share/demp_cpp_topic/local_setup.zsh
[4.262s] -- Installing: /home/quella/ROS2Demo/topic/Sport/Speed_cpp_pkg/src/demp_cpp_topic/install/demp_cpp_topic/share/demp_cpp_topic/local_setup.dsv
[4.262s] -- Installing: /home/quella/ROS2Demo/topic/Sport/Speed_cpp_pkg/src/demp_cpp_topic/install/demp_cpp_topic/share/demp_cpp_topic/package.dsv
[4.262s] -- Up-to-date: /home/quella/ROS2Demo/topic/Sport/Speed_cpp_pkg/src/demp_cpp_topic/install/demp_cpp_topic/share/ament_index/resource_index/packages/demp_cpp_topic
[4.262s] -- Up-to-date: /home/quella/ROS2Demo/topic/Sport/Speed_cpp_pkg/src/demp_cpp_topic/install/demp_cpp_topic/share/demp_cpp_topic/cmake/demp_cpp_topicConfig.cmake
[4.262s] -- Up-to-date: /home/quella/ROS2Demo/topic/Sport/Speed_cpp_pkg/src/demp_cpp_topic/install/demp_cpp_topic/share/demp_cpp_topic/cmake/demp_cpp_topicConfig-version.cmake
[4.262s] -- Up-to-date: /home/quella/ROS2Demo/topic/Sport/Speed_cpp_pkg/src/demp_cpp_topic/install/demp_cpp_topic/share/demp_cpp_topic/package.xml
[4.264s] Invoked command in '/home/quella/ROS2Demo/topic/Sport/Speed_cpp_pkg/src/demp_cpp_topic/build/demp_cpp_topic' returned '0': CMAKE_PREFIX_PATH=${CMAKE_PREFIX_PATH}:/opt/ros/humble /usr/bin/cmake --install /home/quella/ROS2Demo/topic/Sport/Speed_cpp_pkg/src/demp_cpp_topic/build/demp_cpp_topic
