[0.009s] Invoking command in '/home/quella/ROS2Demo/topic/novalDownload/src/build/demo_c++_topic': /usr/bin/cmake /home/quella/ROS2Demo/topic/novalDownload/src/demo_c++_topic -DCMAKE_INSTALL_PREFIX=/home/quella/ROS2Demo/topic/novalDownload/src/install/demo_c++_topic
[0.076s] -- The C compiler identification is GNU 11.4.0
[0.135s] -- The CXX compiler identification is GNU 11.4.0
[0.142s] -- Detecting C compiler ABI info
[0.216s] -- Detecting C compiler ABI info - done
[0.221s] -- Check for working C compiler: /usr/bin/cc - skipped
[0.221s] -- Detecting C compile features
[0.222s] -- Detecting C compile features - done
[0.225s] -- Detecting CXX compiler ABI info
[0.310s] -- Detecting CXX compiler ABI info - done
[0.316s] -- Check for working CXX compiler: /usr/bin/c++ - skipped
[0.316s] -- Detecting CXX compile features
[0.317s] -- Detecting CXX compile features - done
[0.319s] -- Found ament_cmake: 1.3.12 (/opt/ros/humble/share/ament_cmake/cmake)
[0.446s] -- Found Python3: /usr/bin/python3 (found version "3.10.12") found components: Interpreter 
[0.520s] -- Found ament_lint_auto: 0.12.14 (/opt/ros/humble/share/ament_lint_auto/cmake)
[0.570s] Error parsing '/home/quella/ROS2Demo/topic/novalDownload/src/demo_c++_topic/package.xml':
[0.607s] Traceback (most recent call last):
[0.607s]   File "/opt/ros/humble/share/ament_cmake_core/cmake/core/package_xml_2_cmake.py", line 150, in <module>
[0.607s]     main()
[0.607s]   File "/opt/ros/humble/share/ament_cmake_core/cmake/core/package_xml_2_cmake.py", line 53, in main
[0.607s]     raise e
[0.607s]   File "/opt/ros/humble/share/ament_cmake_core/cmake/core/package_xml_2_cmake.py", line 49, in main
[0.607s]     package = parse_package_string(
[0.607s]   File "/usr/lib/python3/dist-packages/catkin_pkg/package.py", line 788, in parse_package_string
[0.623s]     pkg.validate(warnings=warnings)
[0.623s]   File "/usr/lib/python3/dist-packages/catkin_pkg/package.py", line 330, in validate
[0.623s]     raise InvalidPackage('\n'.join(errors), self.filename)
[0.623s] catkin_pkg.package.InvalidPackage: Error(s) in package '/home/quella/ROS2Demo/topic/novalDownload/src/demo_c++_topic/package.xml':
[0.623s] Package name "demo_c++_topic" does not follow naming conventions
[0.638s] [31mCMake Error at /opt/ros/humble/share/ament_cmake_core/cmake/core/ament_package_xml.cmake:95 (message):
[0.638s]   execute_process(/usr/bin/python3
[0.638s]   /opt/ros/humble/share/ament_cmake_core/cmake/core/package_xml_2_cmake.py
[0.638s]   /home/quella/ROS2Demo/topic/novalDownload/src/demo_c++_topic/package.xml
[0.638s]   /home/quella/ROS2Demo/topic/novalDownload/src/build/demo_c++_topic/ament_cmake_core/package.cmake)
[0.638s]   returned error code 1
[0.638s] Call Stack (most recent call first):
[0.638s]   /opt/ros/humble/share/ament_cmake_core/cmake/core/ament_package_xml.cmake:49 (_ament_package_xml)
[0.638s]   /opt/ros/humble/share/ament_lint_auto/cmake/ament_lint_auto_find_test_dependencies.cmake:31 (ament_package_xml)
[0.638s]   CMakeLists.txt:23 (ament_lint_auto_find_test_dependencies)
[0.638s] 
[0.638s] [0m
[0.638s] -- Configuring incomplete, errors occurred!
[0.638s] See also "/home/quella/ROS2Demo/topic/novalDownload/src/build/demo_c++_topic/CMakeFiles/CMakeOutput.log".
[0.643s] Invoked command in '/home/quella/ROS2Demo/topic/novalDownload/src/build/demo_c++_topic' returned '1': /usr/bin/cmake /home/quella/ROS2Demo/topic/novalDownload/src/demo_c++_topic -DCMAKE_INSTALL_PREFIX=/home/quella/ROS2Demo/topic/novalDownload/src/install/demo_c++_topic
