-- Found ament_cmake: 1.3.12 (/opt/ros/humble/share/ament_cmake/cmake)
-- Found ament_lint_auto: 0.12.14 (/opt/ros/humble/share/ament_lint_auto/cmake)
-- Added test 'lint_cmake' to check CMake code style
-- Added test 'xmllint' to check XML markup files
-- Configuring done
-- Generating done
-- Build files have been written to: /home/quella/ROS2Demo/topic/novalDownload/src/build/demo_cpp_topic
-- Install configuration: ""
-- Installing: /home/quella/ROS2Demo/topic/novalDownload/src/install/demo_cpp_topic/share/ament_index/resource_index/package_run_dependencies/demo_cpp_topic
-- Installing: /home/quella/ROS2Demo/topic/novalDownload/src/install/demo_cpp_topic/share/ament_index/resource_index/parent_prefix_path/demo_cpp_topic
-- Installing: /home/quella/ROS2Demo/topic/novalDownload/src/install/demo_cpp_topic/share/demo_cpp_topic/environment/ament_prefix_path.sh
-- Installing: /home/quella/ROS2Demo/topic/novalDownload/src/install/demo_cpp_topic/share/demo_cpp_topic/environment/ament_prefix_path.dsv
-- Installing: /home/quella/ROS2Demo/topic/novalDownload/src/install/demo_cpp_topic/share/demo_cpp_topic/environment/path.sh
-- Installing: /home/quella/ROS2Demo/topic/novalDownload/src/install/demo_cpp_topic/share/demo_cpp_topic/environment/path.dsv
-- Installing: /home/quella/ROS2Demo/topic/novalDownload/src/install/demo_cpp_topic/share/demo_cpp_topic/local_setup.bash
-- Installing: /home/quella/ROS2Demo/topic/novalDownload/src/install/demo_cpp_topic/share/demo_cpp_topic/local_setup.sh
-- Installing: /home/quella/ROS2Demo/topic/novalDownload/src/install/demo_cpp_topic/share/demo_cpp_topic/local_setup.zsh
-- Installing: /home/quella/ROS2Demo/topic/novalDownload/src/install/demo_cpp_topic/share/demo_cpp_topic/local_setup.dsv
-- Installing: /home/quella/ROS2Demo/topic/novalDownload/src/install/demo_cpp_topic/share/demo_cpp_topic/package.dsv
-- Installing: /home/quella/ROS2Demo/topic/novalDownload/src/install/demo_cpp_topic/share/ament_index/resource_index/packages/demo_cpp_topic
-- Installing: /home/quella/ROS2Demo/topic/novalDownload/src/install/demo_cpp_topic/share/demo_cpp_topic/cmake/demo_cpp_topicConfig.cmake
-- Installing: /home/quella/ROS2Demo/topic/novalDownload/src/install/demo_cpp_topic/share/demo_cpp_topic/cmake/demo_cpp_topicConfig-version.cmake
-- Installing: /home/quella/ROS2Demo/topic/novalDownload/src/install/demo_cpp_topic/share/demo_cpp_topic/package.xml
