[0.010s] Invoking command in '/home/quella/ROS2Demo/topic/novalDownload/src/build/demo_cpp_topic': CMAKE_PREFIX_PATH=${CMAKE_PREFIX_PATH}:/opt/ros/humble /usr/bin/cmake /home/quella/ROS2Demo/topic/novalDownload/src/demo_cpp_topic -DCMAKE_INSTALL_PREFIX=/home/quella/ROS2Demo/topic/novalDownload/src/install/demo_cpp_topic
[0.024s] -- Found ament_cmake: 1.3.12 (/opt/ros/humble/share/ament_cmake/cmake)
[0.128s] -- Found ament_lint_auto: 0.12.14 (/opt/ros/humble/share/ament_lint_auto/cmake)
[0.191s] -- Added test 'lint_cmake' to check CMake code style
[0.192s] -- Added test 'xmllint' to check XML markup files
[0.193s] -- Configuring done
[0.196s] -- Generating done
[0.198s] -- Build files have been written to: /home/quella/ROS2Demo/topic/novalDownload/src/build/demo_cpp_topic
[0.201s] Invoked command in '/home/quella/ROS2Demo/topic/novalDownload/src/build/demo_cpp_topic' returned '0': CMAKE_PREFIX_PATH=${CMAKE_PREFIX_PATH}:/opt/ros/humble /usr/bin/cmake /home/quella/ROS2Demo/topic/novalDownload/src/demo_cpp_topic -DCMAKE_INSTALL_PREFIX=/home/quella/ROS2Demo/topic/novalDownload/src/install/demo_cpp_topic
[0.203s] Invoking command in '/home/quella/ROS2Demo/topic/novalDownload/src/build/demo_cpp_topic': CMAKE_PREFIX_PATH=${CMAKE_PREFIX_PATH}:/opt/ros/humble /usr/bin/cmake --build /home/quella/ROS2Demo/topic/novalDownload/src/build/demo_cpp_topic -- -j16 -l16
[0.245s] Invoked command in '/home/quella/ROS2Demo/topic/novalDownload/src/build/demo_cpp_topic' returned '0': CMAKE_PREFIX_PATH=${CMAKE_PREFIX_PATH}:/opt/ros/humble /usr/bin/cmake --build /home/quella/ROS2Demo/topic/novalDownload/src/build/demo_cpp_topic -- -j16 -l16
[0.257s] Invoking command in '/home/quella/ROS2Demo/topic/novalDownload/src/build/demo_cpp_topic': CMAKE_PREFIX_PATH=${CMAKE_PREFIX_PATH}:/opt/ros/humble /usr/bin/cmake --install /home/quella/ROS2Demo/topic/novalDownload/src/build/demo_cpp_topic
[0.265s] -- Install configuration: ""
[0.265s] -- Installing: /home/quella/ROS2Demo/topic/novalDownload/src/install/demo_cpp_topic/share/ament_index/resource_index/package_run_dependencies/demo_cpp_topic
[0.265s] -- Installing: /home/quella/ROS2Demo/topic/novalDownload/src/install/demo_cpp_topic/share/ament_index/resource_index/parent_prefix_path/demo_cpp_topic
[0.265s] -- Installing: /home/quella/ROS2Demo/topic/novalDownload/src/install/demo_cpp_topic/share/demo_cpp_topic/environment/ament_prefix_path.sh
[0.266s] -- Installing: /home/quella/ROS2Demo/topic/novalDownload/src/install/demo_cpp_topic/share/demo_cpp_topic/environment/ament_prefix_path.dsv
[0.266s] -- Installing: /home/quella/ROS2Demo/topic/novalDownload/src/install/demo_cpp_topic/share/demo_cpp_topic/environment/path.sh
[0.266s] -- Installing: /home/quella/ROS2Demo/topic/novalDownload/src/install/demo_cpp_topic/share/demo_cpp_topic/environment/path.dsv
[0.266s] -- Installing: /home/quella/ROS2Demo/topic/novalDownload/src/install/demo_cpp_topic/share/demo_cpp_topic/local_setup.bash
[0.266s] -- Installing: /home/quella/ROS2Demo/topic/novalDownload/src/install/demo_cpp_topic/share/demo_cpp_topic/local_setup.sh
[0.266s] -- Installing: /home/quella/ROS2Demo/topic/novalDownload/src/install/demo_cpp_topic/share/demo_cpp_topic/local_setup.zsh
[0.266s] -- Installing: /home/quella/ROS2Demo/topic/novalDownload/src/install/demo_cpp_topic/share/demo_cpp_topic/local_setup.dsv
[0.267s] -- Installing: /home/quella/ROS2Demo/topic/novalDownload/src/install/demo_cpp_topic/share/demo_cpp_topic/package.dsv
[0.267s] -- Installing: /home/quella/ROS2Demo/topic/novalDownload/src/install/demo_cpp_topic/share/ament_index/resource_index/packages/demo_cpp_topic
[0.267s] -- Installing: /home/quella/ROS2Demo/topic/novalDownload/src/install/demo_cpp_topic/share/demo_cpp_topic/cmake/demo_cpp_topicConfig.cmake
[0.267s] -- Installing: /home/quella/ROS2Demo/topic/novalDownload/src/install/demo_cpp_topic/share/demo_cpp_topic/cmake/demo_cpp_topicConfig-version.cmake
[0.267s] -- Installing: /home/quella/ROS2Demo/topic/novalDownload/src/install/demo_cpp_topic/share/demo_cpp_topic/package.xml
[0.270s] Invoked command in '/home/quella/ROS2Demo/topic/novalDownload/src/build/demo_cpp_topic' returned '0': CMAKE_PREFIX_PATH=${CMAKE_PREFIX_PATH}:/opt/ros/humble /usr/bin/cmake --install /home/quella/ROS2Demo/topic/novalDownload/src/build/demo_cpp_topic
