[0.084s] DEBUG:colcon:Command line arguments: ['/usr/bin/colcon', 'build']
[0.085s] DEBUG:colcon:Parsed command line arguments: Namespace(log_base=None, log_level=None, verb_name='build', build_base='build', install_base='install', merge_install=False, symlink_install=False, test_result_base=None, continue_on_error=False, executor='parallel', parallel_workers=16, event_handlers=None, ignore_user_meta=False, metas=['./colcon.meta'], base_paths=['.'], packages_ignore=None, packages_ignore_regex=None, paths=None, packages_up_to=None, packages_up_to_regex=None, packages_above=None, packages_above_and_dependencies=None, packages_above_depth=None, packages_select_by_dep=None, packages_skip_by_dep=None, packages_skip_up_to=None, packages_select_build_failed=False, packages_skip_build_finished=False, packages_select_test_failures=False, packages_skip_test_passed=False, packages_select=None, packages_skip=None, packages_select_regex=None, packages_skip_regex=None, packages_start=None, packages_end=None, allow_overriding=[], cmake_args=None, cmake_target=None, cmake_target_skip_unavailable=False, cmake_clean_cache=False, cmake_clean_first=False, cmake_force_configure=False, ament_cmake_args=None, catkin_cmake_args=None, catkin_skip_building_tests=False, verb_parser=<colcon_defaults.argument_parser.defaults.DefaultArgumentsDecorator object at 0x7e5877532fe0>, verb_extension=<colcon_core.verb.build.BuildVerb object at 0x7e5877532a70>, main=<bound method BuildVerb.main of <colcon_core.verb.build.BuildVerb object at 0x7e5877532a70>>)
[0.223s] Level 1:colcon.colcon_core.package_discovery:discover_packages(colcon_meta) check parameters
[0.223s] Level 1:colcon.colcon_core.package_discovery:discover_packages(recursive) check parameters
[0.223s] Level 1:colcon.colcon_core.package_discovery:discover_packages(ignore) check parameters
[0.223s] Level 1:colcon.colcon_core.package_discovery:discover_packages(path) check parameters
[0.223s] Level 1:colcon.colcon_core.package_discovery:discover_packages(colcon_meta) discover
[0.223s] Level 1:colcon.colcon_core.package_discovery:discover_packages(recursive) discover
[0.223s] INFO:colcon.colcon_core.package_discovery:Crawling recursively for packages in '/home/quella/ROS2Demo/topic/topic_practice/src/status_publisher'
[0.223s] Level 1:colcon.colcon_core.package_identification:_identify(.) by extensions ['ignore', 'ignore_ament_install']
[0.223s] Level 1:colcon.colcon_core.package_identification:_identify(.) by extension 'ignore'
[0.223s] Level 1:colcon.colcon_core.package_identification:_identify(.) by extension 'ignore_ament_install'
[0.223s] Level 1:colcon.colcon_core.package_identification:_identify(.) by extensions ['colcon_pkg']
[0.223s] Level 1:colcon.colcon_core.package_identification:_identify(.) by extension 'colcon_pkg'
[0.223s] Level 1:colcon.colcon_core.package_identification:_identify(.) by extensions ['colcon_meta']
[0.223s] Level 1:colcon.colcon_core.package_identification:_identify(.) by extension 'colcon_meta'
[0.223s] Level 1:colcon.colcon_core.package_identification:_identify(.) by extensions ['ros']
[0.223s] Level 1:colcon.colcon_core.package_identification:_identify(.) by extension 'ros'
[0.235s] DEBUG:colcon.colcon_core.package_identification:Package '.' with type 'ros.ament_cmake' and name 'status_publisher'
[0.235s] Level 1:colcon.colcon_core.package_discovery:discover_packages(recursive) using defaults
[0.235s] Level 1:colcon.colcon_core.package_discovery:discover_packages(ignore) discover
[0.235s] Level 1:colcon.colcon_core.package_discovery:discover_packages(ignore) using defaults
[0.235s] Level 1:colcon.colcon_core.package_discovery:discover_packages(path) discover
[0.235s] Level 1:colcon.colcon_core.package_discovery:discover_packages(path) using defaults
[0.251s] Level 1:colcon.colcon_core.package_discovery:discover_packages(prefix_path) check parameters
[0.251s] Level 1:colcon.colcon_core.package_discovery:discover_packages(prefix_path) discover
[0.252s] DEBUG:colcon.colcon_installed_package_information.package_discovery:Found 1 installed packages in /home/quella/ROS2Demo/topic/topic_practice/src/status_interfaces/install
[0.253s] DEBUG:colcon.colcon_installed_package_information.package_discovery:Found 271 installed packages in /opt/ros/humble
[0.254s] Level 1:colcon.colcon_core.package_discovery:discover_packages(prefix_path) using defaults
[0.300s] Level 5:colcon.colcon_core.verb:set package 'status_publisher' build argument 'cmake_args' from command line to 'None'
[0.300s] Level 5:colcon.colcon_core.verb:set package 'status_publisher' build argument 'cmake_target' from command line to 'None'
[0.300s] Level 5:colcon.colcon_core.verb:set package 'status_publisher' build argument 'cmake_target_skip_unavailable' from command line to 'False'
[0.300s] Level 5:colcon.colcon_core.verb:set package 'status_publisher' build argument 'cmake_clean_cache' from command line to 'False'
[0.300s] Level 5:colcon.colcon_core.verb:set package 'status_publisher' build argument 'cmake_clean_first' from command line to 'False'
[0.300s] Level 5:colcon.colcon_core.verb:set package 'status_publisher' build argument 'cmake_force_configure' from command line to 'False'
[0.300s] Level 5:colcon.colcon_core.verb:set package 'status_publisher' build argument 'ament_cmake_args' from command line to 'None'
[0.300s] Level 5:colcon.colcon_core.verb:set package 'status_publisher' build argument 'catkin_cmake_args' from command line to 'None'
[0.300s] Level 5:colcon.colcon_core.verb:set package 'status_publisher' build argument 'catkin_skip_building_tests' from command line to 'False'
[0.300s] DEBUG:colcon.colcon_core.verb:Building package 'status_publisher' with the following arguments: {'ament_cmake_args': None, 'build_base': '/home/quella/ROS2Demo/topic/topic_practice/src/status_publisher/build/status_publisher', 'catkin_cmake_args': None, 'catkin_skip_building_tests': False, 'cmake_args': None, 'cmake_clean_cache': False, 'cmake_clean_first': False, 'cmake_force_configure': False, 'cmake_target': None, 'cmake_target_skip_unavailable': False, 'install_base': '/home/quella/ROS2Demo/topic/topic_practice/src/status_publisher/install/status_publisher', 'merge_install': False, 'path': '/home/quella/ROS2Demo/topic/topic_practice/src/status_publisher', 'symlink_install': False, 'test_result_base': None}
[0.301s] INFO:colcon.colcon_core.executor:Executing jobs using 'parallel' executor
[0.302s] DEBUG:colcon.colcon_parallel_executor.executor.parallel:run_until_complete
[0.302s] INFO:colcon.colcon_ros.task.ament_cmake.build:Building ROS package in '/home/quella/ROS2Demo/topic/topic_practice/src/status_publisher' with build type 'ament_cmake'
[0.302s] INFO:colcon.colcon_cmake.task.cmake.build:Building CMake package in '/home/quella/ROS2Demo/topic/topic_practice/src/status_publisher'
[0.305s] INFO:colcon.colcon_core.plugin_system:Skipping extension 'colcon_core.shell.bat': Not used on non-Windows systems
[0.305s] INFO:colcon.colcon_core.shell:Skip shell extension 'powershell' for command environment: Not usable outside of PowerShell
[0.305s] DEBUG:colcon.colcon_core.shell:Skip shell extension 'dsv' for command environment
[0.334s] DEBUG:colcon.colcon_core.event_handler.log_command:Invoking command in '/home/quella/ROS2Demo/topic/topic_practice/src/status_publisher/build/status_publisher': CMAKE_PREFIX_PATH=${CMAKE_PREFIX_PATH}:/opt/ros/humble /usr/bin/cmake /home/quella/ROS2Demo/topic/topic_practice/src/status_publisher -DCMAKE_INSTALL_PREFIX=/home/quella/ROS2Demo/topic/topic_practice/src/status_publisher/install/status_publisher
[1.532s] DEBUG:colcon.colcon_core.event_handler.log_command:Invoked command in '/home/quella/ROS2Demo/topic/topic_practice/src/status_publisher/build/status_publisher' returned '0': CMAKE_PREFIX_PATH=${CMAKE_PREFIX_PATH}:/opt/ros/humble /usr/bin/cmake /home/quella/ROS2Demo/topic/topic_practice/src/status_publisher -DCMAKE_INSTALL_PREFIX=/home/quella/ROS2Demo/topic/topic_practice/src/status_publisher/install/status_publisher
[1.534s] DEBUG:colcon.colcon_core.event_handler.log_command:Invoking command in '/home/quella/ROS2Demo/topic/topic_practice/src/status_publisher/build/status_publisher': CMAKE_PREFIX_PATH=${CMAKE_PREFIX_PATH}:/opt/ros/humble /usr/bin/cmake --build /home/quella/ROS2Demo/topic/topic_practice/src/status_publisher/build/status_publisher -- -j16 -l16
[5.459s] DEBUG:colcon.colcon_core.event_handler.log_command:Invoked command in '/home/quella/ROS2Demo/topic/topic_practice/src/status_publisher/build/status_publisher' returned '0': CMAKE_PREFIX_PATH=${CMAKE_PREFIX_PATH}:/opt/ros/humble /usr/bin/cmake --build /home/quella/ROS2Demo/topic/topic_practice/src/status_publisher/build/status_publisher -- -j16 -l16
[5.470s] DEBUG:colcon.colcon_core.event_handler.log_command:Invoking command in '/home/quella/ROS2Demo/topic/topic_practice/src/status_publisher/build/status_publisher': CMAKE_PREFIX_PATH=${CMAKE_PREFIX_PATH}:/opt/ros/humble /usr/bin/cmake --install /home/quella/ROS2Demo/topic/topic_practice/src/status_publisher/build/status_publisher
[5.506s] Level 1:colcon.colcon_core.environment:create_environment_scripts_only(status_publisher)
[5.506s] DEBUG:colcon.colcon_core.event_handler.log_command:Invoked command in '/home/quella/ROS2Demo/topic/topic_practice/src/status_publisher/build/status_publisher' returned '0': CMAKE_PREFIX_PATH=${CMAKE_PREFIX_PATH}:/opt/ros/humble /usr/bin/cmake --install /home/quella/ROS2Demo/topic/topic_practice/src/status_publisher/build/status_publisher
[5.508s] Level 1:colcon.colcon_core.environment:checking '/home/quella/ROS2Demo/topic/topic_practice/src/status_publisher/install/status_publisher' for CMake module files
[5.508s] Level 1:colcon.colcon_core.environment:checking '/home/quella/ROS2Demo/topic/topic_practice/src/status_publisher/install/status_publisher' for CMake config files
[5.508s] Level 1:colcon.colcon_core.shell:create_environment_hook('status_publisher', 'cmake_prefix_path')
[5.509s] INFO:colcon.colcon_core.shell:Creating environment hook '/home/quella/ROS2Demo/topic/topic_practice/src/status_publisher/install/status_publisher/share/status_publisher/hook/cmake_prefix_path.ps1'
[5.509s] INFO:colcon.colcon_core.shell:Creating environment descriptor '/home/quella/ROS2Demo/topic/topic_practice/src/status_publisher/install/status_publisher/share/status_publisher/hook/cmake_prefix_path.dsv'
[5.509s] INFO:colcon.colcon_core.shell:Creating environment hook '/home/quella/ROS2Demo/topic/topic_practice/src/status_publisher/install/status_publisher/share/status_publisher/hook/cmake_prefix_path.sh'
[5.510s] Level 1:colcon.colcon_core.environment:checking '/home/quella/ROS2Demo/topic/topic_practice/src/status_publisher/install/status_publisher/lib'
[5.510s] Level 1:colcon.colcon_core.environment:checking '/home/quella/ROS2Demo/topic/topic_practice/src/status_publisher/install/status_publisher/bin'
[5.510s] Level 1:colcon.colcon_core.environment:checking '/home/quella/ROS2Demo/topic/topic_practice/src/status_publisher/install/status_publisher/lib/pkgconfig/status_publisher.pc'
[5.511s] Level 1:colcon.colcon_core.environment:checking '/home/quella/ROS2Demo/topic/topic_practice/src/status_publisher/install/status_publisher/lib/python3.10/site-packages'
[5.511s] Level 1:colcon.colcon_core.environment:checking '/home/quella/ROS2Demo/topic/topic_practice/src/status_publisher/install/status_publisher/bin'
[5.511s] INFO:colcon.colcon_core.shell:Creating package script '/home/quella/ROS2Demo/topic/topic_practice/src/status_publisher/install/status_publisher/share/status_publisher/package.ps1'
[5.511s] INFO:colcon.colcon_core.shell:Creating package descriptor '/home/quella/ROS2Demo/topic/topic_practice/src/status_publisher/install/status_publisher/share/status_publisher/package.dsv'
[5.512s] INFO:colcon.colcon_core.shell:Creating package script '/home/quella/ROS2Demo/topic/topic_practice/src/status_publisher/install/status_publisher/share/status_publisher/package.sh'
[5.513s] INFO:colcon.colcon_core.shell:Creating package script '/home/quella/ROS2Demo/topic/topic_practice/src/status_publisher/install/status_publisher/share/status_publisher/package.bash'
[5.513s] INFO:colcon.colcon_core.shell:Creating package script '/home/quella/ROS2Demo/topic/topic_practice/src/status_publisher/install/status_publisher/share/status_publisher/package.zsh'
[5.514s] Level 1:colcon.colcon_core.environment:create_file_with_runtime_dependencies(/home/quella/ROS2Demo/topic/topic_practice/src/status_publisher/install/status_publisher/share/colcon-core/packages/status_publisher)
[5.515s] Level 1:colcon.colcon_core.environment:create_environment_scripts_only(status_publisher)
[5.515s] Level 1:colcon.colcon_core.environment:checking '/home/quella/ROS2Demo/topic/topic_practice/src/status_publisher/install/status_publisher' for CMake module files
[5.515s] Level 1:colcon.colcon_core.environment:checking '/home/quella/ROS2Demo/topic/topic_practice/src/status_publisher/install/status_publisher' for CMake config files
[5.515s] Level 1:colcon.colcon_core.shell:create_environment_hook('status_publisher', 'cmake_prefix_path')
[5.515s] INFO:colcon.colcon_core.shell:Creating environment hook '/home/quella/ROS2Demo/topic/topic_practice/src/status_publisher/install/status_publisher/share/status_publisher/hook/cmake_prefix_path.ps1'
[5.516s] INFO:colcon.colcon_core.shell:Creating environment descriptor '/home/quella/ROS2Demo/topic/topic_practice/src/status_publisher/install/status_publisher/share/status_publisher/hook/cmake_prefix_path.dsv'
[5.516s] INFO:colcon.colcon_core.shell:Creating environment hook '/home/quella/ROS2Demo/topic/topic_practice/src/status_publisher/install/status_publisher/share/status_publisher/hook/cmake_prefix_path.sh'
[5.517s] Level 1:colcon.colcon_core.environment:checking '/home/quella/ROS2Demo/topic/topic_practice/src/status_publisher/install/status_publisher/lib'
[5.517s] Level 1:colcon.colcon_core.environment:checking '/home/quella/ROS2Demo/topic/topic_practice/src/status_publisher/install/status_publisher/bin'
[5.517s] Level 1:colcon.colcon_core.environment:checking '/home/quella/ROS2Demo/topic/topic_practice/src/status_publisher/install/status_publisher/lib/pkgconfig/status_publisher.pc'
[5.517s] Level 1:colcon.colcon_core.environment:checking '/home/quella/ROS2Demo/topic/topic_practice/src/status_publisher/install/status_publisher/lib/python3.10/site-packages'
[5.517s] Level 1:colcon.colcon_core.environment:checking '/home/quella/ROS2Demo/topic/topic_practice/src/status_publisher/install/status_publisher/bin'
[5.517s] INFO:colcon.colcon_core.shell:Creating package script '/home/quella/ROS2Demo/topic/topic_practice/src/status_publisher/install/status_publisher/share/status_publisher/package.ps1'
[5.518s] INFO:colcon.colcon_core.shell:Creating package descriptor '/home/quella/ROS2Demo/topic/topic_practice/src/status_publisher/install/status_publisher/share/status_publisher/package.dsv'
[5.518s] INFO:colcon.colcon_core.shell:Creating package script '/home/quella/ROS2Demo/topic/topic_practice/src/status_publisher/install/status_publisher/share/status_publisher/package.sh'
[5.519s] INFO:colcon.colcon_core.shell:Creating package script '/home/quella/ROS2Demo/topic/topic_practice/src/status_publisher/install/status_publisher/share/status_publisher/package.bash'
[5.519s] INFO:colcon.colcon_core.shell:Creating package script '/home/quella/ROS2Demo/topic/topic_practice/src/status_publisher/install/status_publisher/share/status_publisher/package.zsh'
[5.520s] Level 1:colcon.colcon_core.environment:create_file_with_runtime_dependencies(/home/quella/ROS2Demo/topic/topic_practice/src/status_publisher/install/status_publisher/share/colcon-core/packages/status_publisher)
[5.520s] DEBUG:colcon.colcon_parallel_executor.executor.parallel:closing loop
[5.520s] DEBUG:colcon.colcon_parallel_executor.executor.parallel:loop closed
[5.521s] DEBUG:colcon.colcon_parallel_executor.executor.parallel:run_until_complete finished with '0'
[5.521s] DEBUG:colcon.colcon_core.event_reactor:joining thread
[5.525s] INFO:colcon.colcon_core.plugin_system:Skipping extension 'colcon_notification.desktop_notification.terminal_notifier': Not used on non-Darwin systems
[5.525s] INFO:colcon.colcon_core.plugin_system:Skipping extension 'colcon_notification.desktop_notification.win32': Not used on non-Windows systems
[5.525s] INFO:colcon.colcon_notification.desktop_notification:Sending desktop notification using 'notify2'
[5.541s] DEBUG:colcon.colcon_core.event_reactor:joined thread
[5.541s] INFO:colcon.colcon_core.shell:Creating prefix script '/home/quella/ROS2Demo/topic/topic_practice/src/status_publisher/install/local_setup.ps1'
[5.542s] INFO:colcon.colcon_core.shell:Creating prefix util module '/home/quella/ROS2Demo/topic/topic_practice/src/status_publisher/install/_local_setup_util_ps1.py'
[5.543s] INFO:colcon.colcon_core.shell:Creating prefix chain script '/home/quella/ROS2Demo/topic/topic_practice/src/status_publisher/install/setup.ps1'
[5.544s] INFO:colcon.colcon_core.shell:Creating prefix script '/home/quella/ROS2Demo/topic/topic_practice/src/status_publisher/install/local_setup.sh'
[5.545s] INFO:colcon.colcon_core.shell:Creating prefix util module '/home/quella/ROS2Demo/topic/topic_practice/src/status_publisher/install/_local_setup_util_sh.py'
[5.545s] INFO:colcon.colcon_core.shell:Creating prefix chain script '/home/quella/ROS2Demo/topic/topic_practice/src/status_publisher/install/setup.sh'
[5.546s] INFO:colcon.colcon_core.shell:Creating prefix script '/home/quella/ROS2Demo/topic/topic_practice/src/status_publisher/install/local_setup.bash'
[5.546s] INFO:colcon.colcon_core.shell:Creating prefix chain script '/home/quella/ROS2Demo/topic/topic_practice/src/status_publisher/install/setup.bash'
[5.547s] INFO:colcon.colcon_core.shell:Creating prefix script '/home/quella/ROS2Demo/topic/topic_practice/src/status_publisher/install/local_setup.zsh'
[5.547s] INFO:colcon.colcon_core.shell:Creating prefix chain script '/home/quella/ROS2Demo/topic/topic_practice/src/status_publisher/install/setup.zsh'
