[0.012s] Invoking command in '/home/quella/ROS2Demo/topic/Sport/pose_cpp_pkg/src/build/pose_cpp_topic': CMAKE_PREFIX_PATH=${CMAKE_PREFIX_PATH}:/opt/ros/humble /usr/bin/cmake /home/quella/ROS2Demo/topic/Sport/pose_cpp_pkg/src/pose_cpp_topic -DCMAKE_INSTALL_PREFIX=/home/quella/ROS2Demo/topic/Sport/pose_cpp_pkg/src/install/pose_cpp_topic
[0.070s] -- The C compiler identification is GNU 11.4.0
[0.127s] -- The CXX compiler identification is GNU 11.4.0
[0.133s] -- Detecting C compiler ABI info
[0.208s] -- Detecting C compiler ABI info - done
[0.214s] -- Check for working C compiler: /usr/bin/cc - skipped
[0.214s] -- Detecting C compile features
[0.214s] -- Detecting C compile features - done
[0.217s] -- Detecting CXX compiler ABI info
[0.299s] -- Detecting CXX compiler ABI info - done
[0.304s] -- Check for working CXX compiler: /usr/bin/c++ - skipped
[0.304s] -- Detecting CXX compile features
[0.305s] -- Detecting CXX compile features - done
[0.307s] -- Found ament_cmake: 1.3.12 (/opt/ros/humble/share/ament_cmake/cmake)
[0.437s] -- Found Python3: /usr/bin/python3 (found version "3.10.12") found components: Interpreter 
[0.512s] -- Found rclcpp: 16.0.14 (/opt/ros/humble/share/rclcpp/cmake)
[0.543s] -- Found rosidl_generator_c: 3.1.7 (/opt/ros/humble/share/rosidl_generator_c/cmake)
[0.547s] -- Found rosidl_adapter: 3.1.7 (/opt/ros/humble/share/rosidl_adapter/cmake)
[0.554s] -- Found rosidl_generator_cpp: 3.1.7 (/opt/ros/humble/share/rosidl_generator_cpp/cmake)
[0.564s] -- Using all available rosidl_typesupport_c: rosidl_typesupport_fastrtps_c;rosidl_typesupport_introspection_c
[0.576s] -- Using all available rosidl_typesupport_cpp: rosidl_typesupport_fastrtps_cpp;rosidl_typesupport_introspection_cpp
[0.610s] -- Found rmw_implementation_cmake: 6.1.2 (/opt/ros/humble/share/rmw_implementation_cmake/cmake)
[0.611s] -- Found rmw_fastrtps_cpp: 6.2.8 (/opt/ros/humble/share/rmw_fastrtps_cpp/cmake)
[0.704s] -- Found OpenSSL: /usr/lib/x86_64-linux-gnu/libcrypto.so (found version "3.0.2")  
[0.725s] -- Found FastRTPS: /opt/ros/humble/include  
[0.761s] -- Using RMW implementation 'rmw_fastrtps_cpp' as default
[0.766s] -- Looking for pthread.h
[0.844s] -- Looking for pthread.h - found
[0.845s] -- Performing Test CMAKE_HAVE_LIBC_PTHREAD
[0.922s] -- Performing Test CMAKE_HAVE_LIBC_PTHREAD - Success
[0.923s] -- Found Threads: TRUE  
[0.961s] -- Found geometry_msgs: 4.9.0 (/opt/ros/humble/share/geometry_msgs/cmake)
[0.971s] -- Found turtlesim: 1.4.2 (/opt/ros/humble/share/turtlesim/cmake)
[1.001s] -- Found ament_lint_auto: 0.12.14 (/opt/ros/humble/share/ament_lint_auto/cmake)
[1.067s] -- Added test 'lint_cmake' to check CMake code style
[1.069s] -- Added test 'xmllint' to check XML markup files
[1.071s] -- Configuring done
[1.078s] -- Generating done
[1.080s] -- Build files have been written to: /home/quella/ROS2Demo/topic/Sport/pose_cpp_pkg/src/build/pose_cpp_topic
[1.089s] Invoked command in '/home/quella/ROS2Demo/topic/Sport/pose_cpp_pkg/src/build/pose_cpp_topic' returned '0': CMAKE_PREFIX_PATH=${CMAKE_PREFIX_PATH}:/opt/ros/humble /usr/bin/cmake /home/quella/ROS2Demo/topic/Sport/pose_cpp_pkg/src/pose_cpp_topic -DCMAKE_INSTALL_PREFIX=/home/quella/ROS2Demo/topic/Sport/pose_cpp_pkg/src/install/pose_cpp_topic
[1.091s] Invoking command in '/home/quella/ROS2Demo/topic/Sport/pose_cpp_pkg/src/build/pose_cpp_topic': CMAKE_PREFIX_PATH=${CMAKE_PREFIX_PATH}:/opt/ros/humble /usr/bin/cmake --build /home/quella/ROS2Demo/topic/Sport/pose_cpp_pkg/src/build/pose_cpp_topic -- -j16 -l16
[1.139s] Invoked command in '/home/quella/ROS2Demo/topic/Sport/pose_cpp_pkg/src/build/pose_cpp_topic' returned '0': CMAKE_PREFIX_PATH=${CMAKE_PREFIX_PATH}:/opt/ros/humble /usr/bin/cmake --build /home/quella/ROS2Demo/topic/Sport/pose_cpp_pkg/src/build/pose_cpp_topic -- -j16 -l16
[1.149s] Invoking command in '/home/quella/ROS2Demo/topic/Sport/pose_cpp_pkg/src/build/pose_cpp_topic': CMAKE_PREFIX_PATH=${CMAKE_PREFIX_PATH}:/opt/ros/humble /usr/bin/cmake --install /home/quella/ROS2Demo/topic/Sport/pose_cpp_pkg/src/build/pose_cpp_topic
[1.157s] -- Install configuration: ""
[1.158s] -- Installing: /home/quella/ROS2Demo/topic/Sport/pose_cpp_pkg/src/install/pose_cpp_topic/share/ament_index/resource_index/package_run_dependencies/pose_cpp_topic
[1.158s] -- Installing: /home/quella/ROS2Demo/topic/Sport/pose_cpp_pkg/src/install/pose_cpp_topic/share/ament_index/resource_index/parent_prefix_path/pose_cpp_topic
[1.158s] -- Installing: /home/quella/ROS2Demo/topic/Sport/pose_cpp_pkg/src/install/pose_cpp_topic/share/pose_cpp_topic/environment/ament_prefix_path.sh
[1.158s] -- Installing: /home/quella/ROS2Demo/topic/Sport/pose_cpp_pkg/src/install/pose_cpp_topic/share/pose_cpp_topic/environment/ament_prefix_path.dsv
[1.158s] -- Installing: /home/quella/ROS2Demo/topic/Sport/pose_cpp_pkg/src/install/pose_cpp_topic/share/pose_cpp_topic/environment/path.sh
[1.158s] -- Installing: /home/quella/ROS2Demo/topic/Sport/pose_cpp_pkg/src/install/pose_cpp_topic/share/pose_cpp_topic/environment/path.dsv
[1.158s] -- Installing: /home/quella/ROS2Demo/topic/Sport/pose_cpp_pkg/src/install/pose_cpp_topic/share/pose_cpp_topic/local_setup.bash
[1.159s] -- Installing: /home/quella/ROS2Demo/topic/Sport/pose_cpp_pkg/src/install/pose_cpp_topic/share/pose_cpp_topic/local_setup.sh
[1.159s] -- Installing: /home/quella/ROS2Demo/topic/Sport/pose_cpp_pkg/src/install/pose_cpp_topic/share/pose_cpp_topic/local_setup.zsh
[1.159s] -- Installing: /home/quella/ROS2Demo/topic/Sport/pose_cpp_pkg/src/install/pose_cpp_topic/share/pose_cpp_topic/local_setup.dsv
[1.159s] -- Installing: /home/quella/ROS2Demo/topic/Sport/pose_cpp_pkg/src/install/pose_cpp_topic/share/pose_cpp_topic/package.dsv
[1.159s] -- Installing: /home/quella/ROS2Demo/topic/Sport/pose_cpp_pkg/src/install/pose_cpp_topic/share/ament_index/resource_index/packages/pose_cpp_topic
[1.160s] -- Installing: /home/quella/ROS2Demo/topic/Sport/pose_cpp_pkg/src/install/pose_cpp_topic/share/pose_cpp_topic/cmake/pose_cpp_topicConfig.cmake
[1.160s] -- Installing: /home/quella/ROS2Demo/topic/Sport/pose_cpp_pkg/src/install/pose_cpp_topic/share/pose_cpp_topic/cmake/pose_cpp_topicConfig-version.cmake
[1.160s] -- Installing: /home/quella/ROS2Demo/topic/Sport/pose_cpp_pkg/src/install/pose_cpp_topic/share/pose_cpp_topic/package.xml
[1.162s] Invoked command in '/home/quella/ROS2Demo/topic/Sport/pose_cpp_pkg/src/build/pose_cpp_topic' returned '0': CMAKE_PREFIX_PATH=${CMAKE_PREFIX_PATH}:/opt/ros/humble /usr/bin/cmake --install /home/quella/ROS2Demo/topic/Sport/pose_cpp_pkg/src/build/pose_cpp_topic
