[0.083s] DEBUG:colcon:Command line arguments: ['/usr/bin/colcon', 'build']
[0.083s] DEBUG:colcon:Parsed command line arguments: Namespace(log_base=None, log_level=None, verb_name='build', build_base='build', install_base='install', merge_install=False, symlink_install=False, test_result_base=None, continue_on_error=False, executor='parallel', parallel_workers=16, event_handlers=None, ignore_user_meta=False, metas=['./colcon.meta'], base_paths=['.'], packages_ignore=None, packages_ignore_regex=None, paths=None, packages_up_to=None, packages_up_to_regex=None, packages_above=None, packages_above_and_dependencies=None, packages_above_depth=None, packages_select_by_dep=None, packages_skip_by_dep=None, packages_skip_up_to=None, packages_select_build_failed=False, packages_skip_build_finished=False, packages_select_test_failures=False, packages_skip_test_passed=False, packages_select=None, packages_skip=None, packages_select_regex=None, packages_skip_regex=None, packages_start=None, packages_end=None, allow_overriding=[], cmake_args=None, cmake_target=None, cmake_target_skip_unavailable=False, cmake_clean_cache=False, cmake_clean_first=False, cmake_force_configure=False, ament_cmake_args=None, catkin_cmake_args=None, catkin_skip_building_tests=False, verb_parser=<colcon_defaults.argument_parser.defaults.DefaultArgumentsDecorator object at 0x76249362afe0>, verb_extension=<colcon_core.verb.build.BuildVerb object at 0x76249362aa70>, main=<bound method BuildVerb.main of <colcon_core.verb.build.BuildVerb object at 0x76249362aa70>>)
[0.205s] Level 1:colcon.colcon_core.package_discovery:discover_packages(colcon_meta) check parameters
[0.205s] Level 1:colcon.colcon_core.package_discovery:discover_packages(recursive) check parameters
[0.205s] Level 1:colcon.colcon_core.package_discovery:discover_packages(ignore) check parameters
[0.205s] Level 1:colcon.colcon_core.package_discovery:discover_packages(path) check parameters
[0.205s] Level 1:colcon.colcon_core.package_discovery:discover_packages(colcon_meta) discover
[0.205s] Level 1:colcon.colcon_core.package_discovery:discover_packages(recursive) discover
[0.205s] INFO:colcon.colcon_core.package_discovery:Crawling recursively for packages in '/home/quella/ROS2Demo/topic/topic_practice/src/status_interfaces'
[0.206s] Level 1:colcon.colcon_core.package_identification:_identify(.) by extensions ['ignore', 'ignore_ament_install']
[0.206s] Level 1:colcon.colcon_core.package_identification:_identify(.) by extension 'ignore'
[0.206s] Level 1:colcon.colcon_core.package_identification:_identify(.) by extension 'ignore_ament_install'
[0.206s] Level 1:colcon.colcon_core.package_identification:_identify(.) by extensions ['colcon_pkg']
[0.206s] Level 1:colcon.colcon_core.package_identification:_identify(.) by extension 'colcon_pkg'
[0.206s] Level 1:colcon.colcon_core.package_identification:_identify(.) by extensions ['colcon_meta']
[0.206s] Level 1:colcon.colcon_core.package_identification:_identify(.) by extension 'colcon_meta'
[0.206s] Level 1:colcon.colcon_core.package_identification:_identify(.) by extensions ['ros']
[0.206s] Level 1:colcon.colcon_core.package_identification:_identify(.) by extension 'ros'
[0.218s] DEBUG:colcon.colcon_core.package_identification:Package '.' with type 'ros.ament_cmake' and name 'status_interfaces'
[0.218s] Level 1:colcon.colcon_core.package_discovery:discover_packages(recursive) using defaults
[0.218s] Level 1:colcon.colcon_core.package_discovery:discover_packages(ignore) discover
[0.218s] Level 1:colcon.colcon_core.package_discovery:discover_packages(ignore) using defaults
[0.218s] Level 1:colcon.colcon_core.package_discovery:discover_packages(path) discover
[0.218s] Level 1:colcon.colcon_core.package_discovery:discover_packages(path) using defaults
[0.234s] Level 1:colcon.colcon_core.package_discovery:discover_packages(prefix_path) check parameters
[0.234s] Level 1:colcon.colcon_core.package_discovery:discover_packages(prefix_path) discover
[0.235s] DEBUG:colcon.colcon_installed_package_information.package_discovery:Found 1 installed packages in /home/quella/ROS2Demo/topic/topic_practice/src/status_interfaces/install
[0.236s] DEBUG:colcon.colcon_installed_package_information.package_discovery:Found 271 installed packages in /opt/ros/humble
[0.237s] Level 1:colcon.colcon_core.package_discovery:discover_packages(prefix_path) using defaults
[0.273s] Level 5:colcon.colcon_core.verb:set package 'status_interfaces' build argument 'cmake_args' from command line to 'None'
[0.273s] Level 5:colcon.colcon_core.verb:set package 'status_interfaces' build argument 'cmake_target' from command line to 'None'
[0.273s] Level 5:colcon.colcon_core.verb:set package 'status_interfaces' build argument 'cmake_target_skip_unavailable' from command line to 'False'
[0.274s] Level 5:colcon.colcon_core.verb:set package 'status_interfaces' build argument 'cmake_clean_cache' from command line to 'False'
[0.274s] Level 5:colcon.colcon_core.verb:set package 'status_interfaces' build argument 'cmake_clean_first' from command line to 'False'
[0.274s] Level 5:colcon.colcon_core.verb:set package 'status_interfaces' build argument 'cmake_force_configure' from command line to 'False'
[0.274s] Level 5:colcon.colcon_core.verb:set package 'status_interfaces' build argument 'ament_cmake_args' from command line to 'None'
[0.274s] Level 5:colcon.colcon_core.verb:set package 'status_interfaces' build argument 'catkin_cmake_args' from command line to 'None'
[0.274s] Level 5:colcon.colcon_core.verb:set package 'status_interfaces' build argument 'catkin_skip_building_tests' from command line to 'False'
[0.274s] DEBUG:colcon.colcon_core.verb:Building package 'status_interfaces' with the following arguments: {'ament_cmake_args': None, 'build_base': '/home/quella/ROS2Demo/topic/topic_practice/src/status_interfaces/build/status_interfaces', 'catkin_cmake_args': None, 'catkin_skip_building_tests': False, 'cmake_args': None, 'cmake_clean_cache': False, 'cmake_clean_first': False, 'cmake_force_configure': False, 'cmake_target': None, 'cmake_target_skip_unavailable': False, 'install_base': '/home/quella/ROS2Demo/topic/topic_practice/src/status_interfaces/install/status_interfaces', 'merge_install': False, 'path': '/home/quella/ROS2Demo/topic/topic_practice/src/status_interfaces', 'symlink_install': False, 'test_result_base': None}
[0.274s] INFO:colcon.colcon_core.executor:Executing jobs using 'parallel' executor
[0.275s] DEBUG:colcon.colcon_parallel_executor.executor.parallel:run_until_complete
[0.275s] INFO:colcon.colcon_ros.task.ament_cmake.build:Building ROS package in '/home/quella/ROS2Demo/topic/topic_practice/src/status_interfaces' with build type 'ament_cmake'
[0.275s] INFO:colcon.colcon_cmake.task.cmake.build:Building CMake package in '/home/quella/ROS2Demo/topic/topic_practice/src/status_interfaces'
[0.278s] INFO:colcon.colcon_core.plugin_system:Skipping extension 'colcon_core.shell.bat': Not used on non-Windows systems
[0.278s] INFO:colcon.colcon_core.shell:Skip shell extension 'powershell' for command environment: Not usable outside of PowerShell
[0.278s] DEBUG:colcon.colcon_core.shell:Skip shell extension 'dsv' for command environment
[0.289s] DEBUG:colcon.colcon_core.event_handler.log_command:Invoking command in '/home/quella/ROS2Demo/topic/topic_practice/src/status_interfaces/build/status_interfaces': CMAKE_PREFIX_PATH=${CMAKE_PREFIX_PATH}:/opt/ros/humble /usr/bin/cmake --build /home/quella/ROS2Demo/topic/topic_practice/src/status_interfaces/build/status_interfaces -- -j16 -l16
[0.621s] DEBUG:colcon.colcon_core.event_handler.log_command:Invoked command in '/home/quella/ROS2Demo/topic/topic_practice/src/status_interfaces/build/status_interfaces' returned '0': CMAKE_PREFIX_PATH=${CMAKE_PREFIX_PATH}:/opt/ros/humble /usr/bin/cmake --build /home/quella/ROS2Demo/topic/topic_practice/src/status_interfaces/build/status_interfaces -- -j16 -l16
[0.634s] DEBUG:colcon.colcon_core.event_handler.log_command:Invoking command in '/home/quella/ROS2Demo/topic/topic_practice/src/status_interfaces/build/status_interfaces': CMAKE_PREFIX_PATH=${CMAKE_PREFIX_PATH}:/opt/ros/humble /usr/bin/cmake --install /home/quella/ROS2Demo/topic/topic_practice/src/status_interfaces/build/status_interfaces
[0.692s] Level 1:colcon.colcon_core.environment:create_environment_scripts_only(status_interfaces)
[0.693s] DEBUG:colcon.colcon_core.event_handler.log_command:Invoked command in '/home/quella/ROS2Demo/topic/topic_practice/src/status_interfaces/build/status_interfaces' returned '0': CMAKE_PREFIX_PATH=${CMAKE_PREFIX_PATH}:/opt/ros/humble /usr/bin/cmake --install /home/quella/ROS2Demo/topic/topic_practice/src/status_interfaces/build/status_interfaces
[0.694s] Level 1:colcon.colcon_core.environment:checking '/home/quella/ROS2Demo/topic/topic_practice/src/status_interfaces/install/status_interfaces' for CMake module files
[0.695s] Level 1:colcon.colcon_core.environment:checking '/home/quella/ROS2Demo/topic/topic_practice/src/status_interfaces/install/status_interfaces' for CMake config files
[0.695s] Level 1:colcon.colcon_core.shell:create_environment_hook('status_interfaces', 'cmake_prefix_path')
[0.696s] INFO:colcon.colcon_core.shell:Creating environment hook '/home/quella/ROS2Demo/topic/topic_practice/src/status_interfaces/install/status_interfaces/share/status_interfaces/hook/cmake_prefix_path.ps1'
[0.696s] INFO:colcon.colcon_core.shell:Creating environment descriptor '/home/quella/ROS2Demo/topic/topic_practice/src/status_interfaces/install/status_interfaces/share/status_interfaces/hook/cmake_prefix_path.dsv'
[0.697s] INFO:colcon.colcon_core.shell:Creating environment hook '/home/quella/ROS2Demo/topic/topic_practice/src/status_interfaces/install/status_interfaces/share/status_interfaces/hook/cmake_prefix_path.sh'
[0.697s] Level 1:colcon.colcon_core.environment:checking '/home/quella/ROS2Demo/topic/topic_practice/src/status_interfaces/install/status_interfaces/lib'
[0.698s] Level 1:colcon.colcon_core.shell:create_environment_hook('status_interfaces', 'ld_library_path_lib')
[0.698s] INFO:colcon.colcon_core.shell:Creating environment hook '/home/quella/ROS2Demo/topic/topic_practice/src/status_interfaces/install/status_interfaces/share/status_interfaces/hook/ld_library_path_lib.ps1'
[0.698s] INFO:colcon.colcon_core.shell:Creating environment descriptor '/home/quella/ROS2Demo/topic/topic_practice/src/status_interfaces/install/status_interfaces/share/status_interfaces/hook/ld_library_path_lib.dsv'
[0.699s] INFO:colcon.colcon_core.shell:Creating environment hook '/home/quella/ROS2Demo/topic/topic_practice/src/status_interfaces/install/status_interfaces/share/status_interfaces/hook/ld_library_path_lib.sh'
[0.699s] Level 1:colcon.colcon_core.environment:checking '/home/quella/ROS2Demo/topic/topic_practice/src/status_interfaces/install/status_interfaces/bin'
[0.699s] Level 1:colcon.colcon_core.environment:checking '/home/quella/ROS2Demo/topic/topic_practice/src/status_interfaces/install/status_interfaces/lib/pkgconfig/status_interfaces.pc'
[0.699s] Level 1:colcon.colcon_core.environment:checking '/home/quella/ROS2Demo/topic/topic_practice/src/status_interfaces/install/status_interfaces/lib/python3.10/site-packages'
[0.699s] Level 1:colcon.colcon_core.environment:checking '/home/quella/ROS2Demo/topic/topic_practice/src/status_interfaces/install/status_interfaces/bin'
[0.700s] INFO:colcon.colcon_core.shell:Creating package script '/home/quella/ROS2Demo/topic/topic_practice/src/status_interfaces/install/status_interfaces/share/status_interfaces/package.ps1'
[0.700s] INFO:colcon.colcon_core.shell:Creating package descriptor '/home/quella/ROS2Demo/topic/topic_practice/src/status_interfaces/install/status_interfaces/share/status_interfaces/package.dsv'
[0.701s] INFO:colcon.colcon_core.shell:Creating package script '/home/quella/ROS2Demo/topic/topic_practice/src/status_interfaces/install/status_interfaces/share/status_interfaces/package.sh'
[0.701s] INFO:colcon.colcon_core.shell:Creating package script '/home/quella/ROS2Demo/topic/topic_practice/src/status_interfaces/install/status_interfaces/share/status_interfaces/package.bash'
[0.702s] INFO:colcon.colcon_core.shell:Creating package script '/home/quella/ROS2Demo/topic/topic_practice/src/status_interfaces/install/status_interfaces/share/status_interfaces/package.zsh'
[0.703s] Level 1:colcon.colcon_core.environment:create_file_with_runtime_dependencies(/home/quella/ROS2Demo/topic/topic_practice/src/status_interfaces/install/status_interfaces/share/colcon-core/packages/status_interfaces)
[0.704s] Level 1:colcon.colcon_core.environment:create_environment_scripts_only(status_interfaces)
[0.704s] Level 1:colcon.colcon_core.environment:checking '/home/quella/ROS2Demo/topic/topic_practice/src/status_interfaces/install/status_interfaces' for CMake module files
[0.704s] Level 1:colcon.colcon_core.environment:checking '/home/quella/ROS2Demo/topic/topic_practice/src/status_interfaces/install/status_interfaces' for CMake config files
[0.705s] Level 1:colcon.colcon_core.shell:create_environment_hook('status_interfaces', 'cmake_prefix_path')
[0.705s] INFO:colcon.colcon_core.shell:Creating environment hook '/home/quella/ROS2Demo/topic/topic_practice/src/status_interfaces/install/status_interfaces/share/status_interfaces/hook/cmake_prefix_path.ps1'
[0.706s] INFO:colcon.colcon_core.shell:Creating environment descriptor '/home/quella/ROS2Demo/topic/topic_practice/src/status_interfaces/install/status_interfaces/share/status_interfaces/hook/cmake_prefix_path.dsv'
[0.706s] INFO:colcon.colcon_core.shell:Creating environment hook '/home/quella/ROS2Demo/topic/topic_practice/src/status_interfaces/install/status_interfaces/share/status_interfaces/hook/cmake_prefix_path.sh'
[0.707s] Level 1:colcon.colcon_core.environment:checking '/home/quella/ROS2Demo/topic/topic_practice/src/status_interfaces/install/status_interfaces/lib'
[0.707s] Level 1:colcon.colcon_core.shell:create_environment_hook('status_interfaces', 'ld_library_path_lib')
[0.707s] INFO:colcon.colcon_core.shell:Creating environment hook '/home/quella/ROS2Demo/topic/topic_practice/src/status_interfaces/install/status_interfaces/share/status_interfaces/hook/ld_library_path_lib.ps1'
[0.707s] INFO:colcon.colcon_core.shell:Creating environment descriptor '/home/quella/ROS2Demo/topic/topic_practice/src/status_interfaces/install/status_interfaces/share/status_interfaces/hook/ld_library_path_lib.dsv'
[0.708s] INFO:colcon.colcon_core.shell:Creating environment hook '/home/quella/ROS2Demo/topic/topic_practice/src/status_interfaces/install/status_interfaces/share/status_interfaces/hook/ld_library_path_lib.sh'
[0.708s] Level 1:colcon.colcon_core.environment:checking '/home/quella/ROS2Demo/topic/topic_practice/src/status_interfaces/install/status_interfaces/bin'
[0.708s] Level 1:colcon.colcon_core.environment:checking '/home/quella/ROS2Demo/topic/topic_practice/src/status_interfaces/install/status_interfaces/lib/pkgconfig/status_interfaces.pc'
[0.708s] Level 1:colcon.colcon_core.environment:checking '/home/quella/ROS2Demo/topic/topic_practice/src/status_interfaces/install/status_interfaces/lib/python3.10/site-packages'
[0.708s] Level 1:colcon.colcon_core.environment:checking '/home/quella/ROS2Demo/topic/topic_practice/src/status_interfaces/install/status_interfaces/bin'
[0.709s] INFO:colcon.colcon_core.shell:Creating package script '/home/quella/ROS2Demo/topic/topic_practice/src/status_interfaces/install/status_interfaces/share/status_interfaces/package.ps1'
[0.709s] INFO:colcon.colcon_core.shell:Creating package descriptor '/home/quella/ROS2Demo/topic/topic_practice/src/status_interfaces/install/status_interfaces/share/status_interfaces/package.dsv'
[0.709s] INFO:colcon.colcon_core.shell:Creating package script '/home/quella/ROS2Demo/topic/topic_practice/src/status_interfaces/install/status_interfaces/share/status_interfaces/package.sh'
[0.710s] INFO:colcon.colcon_core.shell:Creating package script '/home/quella/ROS2Demo/topic/topic_practice/src/status_interfaces/install/status_interfaces/share/status_interfaces/package.bash'
[0.710s] INFO:colcon.colcon_core.shell:Creating package script '/home/quella/ROS2Demo/topic/topic_practice/src/status_interfaces/install/status_interfaces/share/status_interfaces/package.zsh'
[0.711s] Level 1:colcon.colcon_core.environment:create_file_with_runtime_dependencies(/home/quella/ROS2Demo/topic/topic_practice/src/status_interfaces/install/status_interfaces/share/colcon-core/packages/status_interfaces)
[0.711s] DEBUG:colcon.colcon_parallel_executor.executor.parallel:closing loop
[0.712s] DEBUG:colcon.colcon_parallel_executor.executor.parallel:loop closed
[0.712s] DEBUG:colcon.colcon_parallel_executor.executor.parallel:run_until_complete finished with '0'
[0.712s] DEBUG:colcon.colcon_core.event_reactor:joining thread
[0.716s] INFO:colcon.colcon_core.plugin_system:Skipping extension 'colcon_notification.desktop_notification.terminal_notifier': Not used on non-Darwin systems
[0.716s] INFO:colcon.colcon_core.plugin_system:Skipping extension 'colcon_notification.desktop_notification.win32': Not used on non-Windows systems
[0.716s] INFO:colcon.colcon_notification.desktop_notification:Sending desktop notification using 'notify2'
[0.751s] DEBUG:colcon.colcon_core.event_reactor:joined thread
[0.751s] INFO:colcon.colcon_core.shell:Creating prefix script '/home/quella/ROS2Demo/topic/topic_practice/src/status_interfaces/install/local_setup.ps1'
[0.752s] INFO:colcon.colcon_core.shell:Creating prefix util module '/home/quella/ROS2Demo/topic/topic_practice/src/status_interfaces/install/_local_setup_util_ps1.py'
[0.755s] INFO:colcon.colcon_core.shell:Creating prefix chain script '/home/quella/ROS2Demo/topic/topic_practice/src/status_interfaces/install/setup.ps1'
[0.757s] INFO:colcon.colcon_core.shell:Creating prefix script '/home/quella/ROS2Demo/topic/topic_practice/src/status_interfaces/install/local_setup.sh'
[0.758s] INFO:colcon.colcon_core.shell:Creating prefix util module '/home/quella/ROS2Demo/topic/topic_practice/src/status_interfaces/install/_local_setup_util_sh.py'
[0.758s] INFO:colcon.colcon_core.shell:Creating prefix chain script '/home/quella/ROS2Demo/topic/topic_practice/src/status_interfaces/install/setup.sh'
[0.759s] INFO:colcon.colcon_core.shell:Creating prefix script '/home/quella/ROS2Demo/topic/topic_practice/src/status_interfaces/install/local_setup.bash'
[0.760s] INFO:colcon.colcon_core.shell:Creating prefix chain script '/home/quella/ROS2Demo/topic/topic_practice/src/status_interfaces/install/setup.bash'
[0.761s] INFO:colcon.colcon_core.shell:Creating prefix script '/home/quella/ROS2Demo/topic/topic_practice/src/status_interfaces/install/local_setup.zsh'
[0.761s] INFO:colcon.colcon_core.shell:Creating prefix chain script '/home/quella/ROS2Demo/topic/topic_practice/src/status_interfaces/install/setup.zsh'
