[0.082s] DEBUG:colcon:Command line arguments: ['/usr/bin/colcon', 'build']
[0.082s] DEBUG:colcon:Parsed command line arguments: Namespace(log_base=None, log_level=None, verb_name='build', build_base='build', install_base='install', merge_install=False, symlink_install=False, test_result_base=None, continue_on_error=False, executor='parallel', parallel_workers=16, event_handlers=None, ignore_user_meta=False, metas=['./colcon.meta'], base_paths=['.'], packages_ignore=None, packages_ignore_regex=None, paths=None, packages_up_to=None, packages_up_to_regex=None, packages_above=None, packages_above_and_dependencies=None, packages_above_depth=None, packages_select_by_dep=None, packages_skip_by_dep=None, packages_skip_up_to=None, packages_select_build_failed=False, packages_skip_build_finished=False, packages_select_test_failures=False, packages_skip_test_passed=False, packages_select=None, packages_skip=None, packages_select_regex=None, packages_skip_regex=None, packages_start=None, packages_end=None, allow_overriding=[], cmake_args=None, cmake_target=None, cmake_target_skip_unavailable=False, cmake_clean_cache=False, cmake_clean_first=False, cmake_force_configure=False, ament_cmake_args=None, catkin_cmake_args=None, catkin_skip_building_tests=False, verb_parser=<colcon_defaults.argument_parser.defaults.DefaultArgumentsDecorator object at 0x75055503ad70>, verb_extension=<colcon_core.verb.build.BuildVerb object at 0x75055503a800>, main=<bound method BuildVerb.main of <colcon_core.verb.build.BuildVerb object at 0x75055503a800>>)
[0.203s] Level 1:colcon.colcon_core.package_discovery:discover_packages(colcon_meta) check parameters
[0.204s] Level 1:colcon.colcon_core.package_discovery:discover_packages(recursive) check parameters
[0.204s] Level 1:colcon.colcon_core.package_discovery:discover_packages(ignore) check parameters
[0.204s] Level 1:colcon.colcon_core.package_discovery:discover_packages(path) check parameters
[0.204s] Level 1:colcon.colcon_core.package_discovery:discover_packages(colcon_meta) discover
[0.204s] Level 1:colcon.colcon_core.package_discovery:discover_packages(recursive) discover
[0.204s] INFO:colcon.colcon_core.package_discovery:Crawling recursively for packages in '/home/quella/ROS2Demo/topic/Sport/pose_cpp_pkg/src'
[0.204s] Level 1:colcon.colcon_core.package_identification:_identify(.) by extensions ['ignore', 'ignore_ament_install']
[0.204s] Level 1:colcon.colcon_core.package_identification:_identify(.) by extension 'ignore'
[0.204s] Level 1:colcon.colcon_core.package_identification:_identify(.) by extension 'ignore_ament_install'
[0.204s] Level 1:colcon.colcon_core.package_identification:_identify(.) by extensions ['colcon_pkg']
[0.204s] Level 1:colcon.colcon_core.package_identification:_identify(.) by extension 'colcon_pkg'
[0.204s] Level 1:colcon.colcon_core.package_identification:_identify(.) by extensions ['colcon_meta']
[0.204s] Level 1:colcon.colcon_core.package_identification:_identify(.) by extension 'colcon_meta'
[0.204s] Level 1:colcon.colcon_core.package_identification:_identify(.) by extensions ['ros']
[0.204s] Level 1:colcon.colcon_core.package_identification:_identify(.) by extension 'ros'
[0.213s] Level 1:colcon.colcon_core.package_identification:_identify(.) by extensions ['cmake', 'python']
[0.213s] Level 1:colcon.colcon_core.package_identification:_identify(.) by extension 'cmake'
[0.213s] Level 1:colcon.colcon_core.package_identification:_identify(.) by extension 'python'
[0.213s] Level 1:colcon.colcon_core.package_identification:_identify(.) by extensions ['python_setup_py']
[0.213s] Level 1:colcon.colcon_core.package_identification:_identify(.) by extension 'python_setup_py'
[0.214s] Level 1:colcon.colcon_core.package_identification:_identify(build) by extensions ['ignore', 'ignore_ament_install']
[0.214s] Level 1:colcon.colcon_core.package_identification:_identify(build) by extension 'ignore'
[0.214s] Level 1:colcon.colcon_core.package_identification:_identify(build) ignored
[0.214s] Level 1:colcon.colcon_core.package_identification:_identify(install) by extensions ['ignore', 'ignore_ament_install']
[0.214s] Level 1:colcon.colcon_core.package_identification:_identify(install) by extension 'ignore'
[0.214s] Level 1:colcon.colcon_core.package_identification:_identify(install) ignored
[0.214s] Level 1:colcon.colcon_core.package_identification:_identify(log) by extensions ['ignore', 'ignore_ament_install']
[0.214s] Level 1:colcon.colcon_core.package_identification:_identify(log) by extension 'ignore'
[0.214s] Level 1:colcon.colcon_core.package_identification:_identify(log) ignored
[0.214s] Level 1:colcon.colcon_core.package_identification:_identify(pose_cpp_topic) by extensions ['ignore', 'ignore_ament_install']
[0.214s] Level 1:colcon.colcon_core.package_identification:_identify(pose_cpp_topic) by extension 'ignore'
[0.214s] Level 1:colcon.colcon_core.package_identification:_identify(pose_cpp_topic) by extension 'ignore_ament_install'
[0.214s] Level 1:colcon.colcon_core.package_identification:_identify(pose_cpp_topic) by extensions ['colcon_pkg']
[0.214s] Level 1:colcon.colcon_core.package_identification:_identify(pose_cpp_topic) by extension 'colcon_pkg'
[0.214s] Level 1:colcon.colcon_core.package_identification:_identify(pose_cpp_topic) by extensions ['colcon_meta']
[0.214s] Level 1:colcon.colcon_core.package_identification:_identify(pose_cpp_topic) by extension 'colcon_meta'
[0.214s] Level 1:colcon.colcon_core.package_identification:_identify(pose_cpp_topic) by extensions ['ros']
[0.214s] Level 1:colcon.colcon_core.package_identification:_identify(pose_cpp_topic) by extension 'ros'
[0.216s] DEBUG:colcon.colcon_core.package_identification:Package 'pose_cpp_topic' with type 'ros.ament_cmake' and name 'pose_cpp_topic'
[0.216s] Level 1:colcon.colcon_core.package_discovery:discover_packages(recursive) using defaults
[0.216s] Level 1:colcon.colcon_core.package_discovery:discover_packages(ignore) discover
[0.216s] Level 1:colcon.colcon_core.package_discovery:discover_packages(ignore) using defaults
[0.216s] Level 1:colcon.colcon_core.package_discovery:discover_packages(path) discover
[0.216s] Level 1:colcon.colcon_core.package_discovery:discover_packages(path) using defaults
[0.231s] Level 1:colcon.colcon_core.package_discovery:discover_packages(prefix_path) check parameters
[0.231s] Level 1:colcon.colcon_core.package_discovery:discover_packages(prefix_path) discover
[0.232s] DEBUG:colcon.colcon_installed_package_information.package_discovery:Found 1 installed packages in /home/quella/ROS2Demo/topic/Sport/Speed_cpp_pkg/src/demp_cpp_topic/install
[0.233s] DEBUG:colcon.colcon_installed_package_information.package_discovery:Found 1 installed packages in /home/quella/ROS2Demo/object/object_pkg/install
[0.234s] DEBUG:colcon.colcon_installed_package_information.package_discovery:Found 271 installed packages in /opt/ros/humble
[0.236s] Level 1:colcon.colcon_core.package_discovery:discover_packages(prefix_path) using defaults
[0.270s] Level 5:colcon.colcon_core.verb:set package 'pose_cpp_topic' build argument 'cmake_args' from command line to 'None'
[0.270s] Level 5:colcon.colcon_core.verb:set package 'pose_cpp_topic' build argument 'cmake_target' from command line to 'None'
[0.270s] Level 5:colcon.colcon_core.verb:set package 'pose_cpp_topic' build argument 'cmake_target_skip_unavailable' from command line to 'False'
[0.270s] Level 5:colcon.colcon_core.verb:set package 'pose_cpp_topic' build argument 'cmake_clean_cache' from command line to 'False'
[0.270s] Level 5:colcon.colcon_core.verb:set package 'pose_cpp_topic' build argument 'cmake_clean_first' from command line to 'False'
[0.270s] Level 5:colcon.colcon_core.verb:set package 'pose_cpp_topic' build argument 'cmake_force_configure' from command line to 'False'
[0.270s] Level 5:colcon.colcon_core.verb:set package 'pose_cpp_topic' build argument 'ament_cmake_args' from command line to 'None'
[0.270s] Level 5:colcon.colcon_core.verb:set package 'pose_cpp_topic' build argument 'catkin_cmake_args' from command line to 'None'
[0.270s] Level 5:colcon.colcon_core.verb:set package 'pose_cpp_topic' build argument 'catkin_skip_building_tests' from command line to 'False'
[0.270s] DEBUG:colcon.colcon_core.verb:Building package 'pose_cpp_topic' with the following arguments: {'ament_cmake_args': None, 'build_base': '/home/quella/ROS2Demo/topic/Sport/pose_cpp_pkg/src/build/pose_cpp_topic', 'catkin_cmake_args': None, 'catkin_skip_building_tests': False, 'cmake_args': None, 'cmake_clean_cache': False, 'cmake_clean_first': False, 'cmake_force_configure': False, 'cmake_target': None, 'cmake_target_skip_unavailable': False, 'install_base': '/home/quella/ROS2Demo/topic/Sport/pose_cpp_pkg/src/install/pose_cpp_topic', 'merge_install': False, 'path': '/home/quella/ROS2Demo/topic/Sport/pose_cpp_pkg/src/pose_cpp_topic', 'symlink_install': False, 'test_result_base': None}
[0.270s] INFO:colcon.colcon_core.executor:Executing jobs using 'parallel' executor
[0.271s] DEBUG:colcon.colcon_parallel_executor.executor.parallel:run_until_complete
[0.272s] INFO:colcon.colcon_ros.task.ament_cmake.build:Building ROS package in '/home/quella/ROS2Demo/topic/Sport/pose_cpp_pkg/src/pose_cpp_topic' with build type 'ament_cmake'
[0.272s] INFO:colcon.colcon_cmake.task.cmake.build:Building CMake package in '/home/quella/ROS2Demo/topic/Sport/pose_cpp_pkg/src/pose_cpp_topic'
[0.273s] INFO:colcon.colcon_core.plugin_system:Skipping extension 'colcon_core.shell.bat': Not used on non-Windows systems
[0.274s] INFO:colcon.colcon_core.shell:Skip shell extension 'powershell' for command environment: Not usable outside of PowerShell
[0.274s] DEBUG:colcon.colcon_core.shell:Skip shell extension 'dsv' for command environment
[0.284s] DEBUG:colcon.colcon_core.event_handler.log_command:Invoking command in '/home/quella/ROS2Demo/topic/Sport/pose_cpp_pkg/src/build/pose_cpp_topic': CMAKE_PREFIX_PATH=${CMAKE_PREFIX_PATH}:/opt/ros/humble /usr/bin/cmake /home/quella/ROS2Demo/topic/Sport/pose_cpp_pkg/src/pose_cpp_topic -DCMAKE_INSTALL_PREFIX=/home/quella/ROS2Demo/topic/Sport/pose_cpp_pkg/src/install/pose_cpp_topic
[1.361s] DEBUG:colcon.colcon_core.event_handler.log_command:Invoked command in '/home/quella/ROS2Demo/topic/Sport/pose_cpp_pkg/src/build/pose_cpp_topic' returned '0': CMAKE_PREFIX_PATH=${CMAKE_PREFIX_PATH}:/opt/ros/humble /usr/bin/cmake /home/quella/ROS2Demo/topic/Sport/pose_cpp_pkg/src/pose_cpp_topic -DCMAKE_INSTALL_PREFIX=/home/quella/ROS2Demo/topic/Sport/pose_cpp_pkg/src/install/pose_cpp_topic
[1.364s] DEBUG:colcon.colcon_core.event_handler.log_command:Invoking command in '/home/quella/ROS2Demo/topic/Sport/pose_cpp_pkg/src/build/pose_cpp_topic': CMAKE_PREFIX_PATH=${CMAKE_PREFIX_PATH}:/opt/ros/humble /usr/bin/cmake --build /home/quella/ROS2Demo/topic/Sport/pose_cpp_pkg/src/build/pose_cpp_topic -- -j16 -l16
[1.411s] DEBUG:colcon.colcon_core.event_handler.log_command:Invoked command in '/home/quella/ROS2Demo/topic/Sport/pose_cpp_pkg/src/build/pose_cpp_topic' returned '0': CMAKE_PREFIX_PATH=${CMAKE_PREFIX_PATH}:/opt/ros/humble /usr/bin/cmake --build /home/quella/ROS2Demo/topic/Sport/pose_cpp_pkg/src/build/pose_cpp_topic -- -j16 -l16
[1.422s] DEBUG:colcon.colcon_core.event_handler.log_command:Invoking command in '/home/quella/ROS2Demo/topic/Sport/pose_cpp_pkg/src/build/pose_cpp_topic': CMAKE_PREFIX_PATH=${CMAKE_PREFIX_PATH}:/opt/ros/humble /usr/bin/cmake --install /home/quella/ROS2Demo/topic/Sport/pose_cpp_pkg/src/build/pose_cpp_topic
[1.434s] Level 1:colcon.colcon_core.environment:create_environment_scripts_only(pose_cpp_topic)
[1.434s] DEBUG:colcon.colcon_core.event_handler.log_command:Invoked command in '/home/quella/ROS2Demo/topic/Sport/pose_cpp_pkg/src/build/pose_cpp_topic' returned '0': CMAKE_PREFIX_PATH=${CMAKE_PREFIX_PATH}:/opt/ros/humble /usr/bin/cmake --install /home/quella/ROS2Demo/topic/Sport/pose_cpp_pkg/src/build/pose_cpp_topic
[1.436s] Level 1:colcon.colcon_core.environment:checking '/home/quella/ROS2Demo/topic/Sport/pose_cpp_pkg/src/install/pose_cpp_topic' for CMake module files
[1.436s] Level 1:colcon.colcon_core.environment:checking '/home/quella/ROS2Demo/topic/Sport/pose_cpp_pkg/src/install/pose_cpp_topic' for CMake config files
[1.437s] Level 1:colcon.colcon_core.shell:create_environment_hook('pose_cpp_topic', 'cmake_prefix_path')
[1.437s] INFO:colcon.colcon_core.shell:Creating environment hook '/home/quella/ROS2Demo/topic/Sport/pose_cpp_pkg/src/install/pose_cpp_topic/share/pose_cpp_topic/hook/cmake_prefix_path.ps1'
[1.437s] INFO:colcon.colcon_core.shell:Creating environment descriptor '/home/quella/ROS2Demo/topic/Sport/pose_cpp_pkg/src/install/pose_cpp_topic/share/pose_cpp_topic/hook/cmake_prefix_path.dsv'
[1.438s] INFO:colcon.colcon_core.shell:Creating environment hook '/home/quella/ROS2Demo/topic/Sport/pose_cpp_pkg/src/install/pose_cpp_topic/share/pose_cpp_topic/hook/cmake_prefix_path.sh'
[1.438s] Level 1:colcon.colcon_core.environment:checking '/home/quella/ROS2Demo/topic/Sport/pose_cpp_pkg/src/install/pose_cpp_topic/bin'
[1.439s] Level 1:colcon.colcon_core.environment:checking '/home/quella/ROS2Demo/topic/Sport/pose_cpp_pkg/src/install/pose_cpp_topic/lib/pkgconfig/pose_cpp_topic.pc'
[1.439s] Level 1:colcon.colcon_core.environment:checking '/home/quella/ROS2Demo/topic/Sport/pose_cpp_pkg/src/install/pose_cpp_topic/lib/python3.10/site-packages'
[1.439s] Level 1:colcon.colcon_core.environment:checking '/home/quella/ROS2Demo/topic/Sport/pose_cpp_pkg/src/install/pose_cpp_topic/bin'
[1.439s] INFO:colcon.colcon_core.shell:Creating package script '/home/quella/ROS2Demo/topic/Sport/pose_cpp_pkg/src/install/pose_cpp_topic/share/pose_cpp_topic/package.ps1'
[1.440s] INFO:colcon.colcon_core.shell:Creating package descriptor '/home/quella/ROS2Demo/topic/Sport/pose_cpp_pkg/src/install/pose_cpp_topic/share/pose_cpp_topic/package.dsv'
[1.440s] INFO:colcon.colcon_core.shell:Creating package script '/home/quella/ROS2Demo/topic/Sport/pose_cpp_pkg/src/install/pose_cpp_topic/share/pose_cpp_topic/package.sh'
[1.441s] INFO:colcon.colcon_core.shell:Creating package script '/home/quella/ROS2Demo/topic/Sport/pose_cpp_pkg/src/install/pose_cpp_topic/share/pose_cpp_topic/package.bash'
[1.442s] INFO:colcon.colcon_core.shell:Creating package script '/home/quella/ROS2Demo/topic/Sport/pose_cpp_pkg/src/install/pose_cpp_topic/share/pose_cpp_topic/package.zsh'
[1.442s] Level 1:colcon.colcon_core.environment:create_file_with_runtime_dependencies(/home/quella/ROS2Demo/topic/Sport/pose_cpp_pkg/src/install/pose_cpp_topic/share/colcon-core/packages/pose_cpp_topic)
[1.443s] Level 1:colcon.colcon_core.environment:create_environment_scripts_only(pose_cpp_topic)
[1.443s] Level 1:colcon.colcon_core.environment:checking '/home/quella/ROS2Demo/topic/Sport/pose_cpp_pkg/src/install/pose_cpp_topic' for CMake module files
[1.444s] Level 1:colcon.colcon_core.environment:checking '/home/quella/ROS2Demo/topic/Sport/pose_cpp_pkg/src/install/pose_cpp_topic' for CMake config files
[1.444s] Level 1:colcon.colcon_core.shell:create_environment_hook('pose_cpp_topic', 'cmake_prefix_path')
[1.444s] INFO:colcon.colcon_core.shell:Creating environment hook '/home/quella/ROS2Demo/topic/Sport/pose_cpp_pkg/src/install/pose_cpp_topic/share/pose_cpp_topic/hook/cmake_prefix_path.ps1'
[1.445s] INFO:colcon.colcon_core.shell:Creating environment descriptor '/home/quella/ROS2Demo/topic/Sport/pose_cpp_pkg/src/install/pose_cpp_topic/share/pose_cpp_topic/hook/cmake_prefix_path.dsv'
[1.445s] INFO:colcon.colcon_core.shell:Creating environment hook '/home/quella/ROS2Demo/topic/Sport/pose_cpp_pkg/src/install/pose_cpp_topic/share/pose_cpp_topic/hook/cmake_prefix_path.sh'
[1.446s] Level 1:colcon.colcon_core.environment:checking '/home/quella/ROS2Demo/topic/Sport/pose_cpp_pkg/src/install/pose_cpp_topic/bin'
[1.446s] Level 1:colcon.colcon_core.environment:checking '/home/quella/ROS2Demo/topic/Sport/pose_cpp_pkg/src/install/pose_cpp_topic/lib/pkgconfig/pose_cpp_topic.pc'
[1.446s] Level 1:colcon.colcon_core.environment:checking '/home/quella/ROS2Demo/topic/Sport/pose_cpp_pkg/src/install/pose_cpp_topic/lib/python3.10/site-packages'
[1.446s] Level 1:colcon.colcon_core.environment:checking '/home/quella/ROS2Demo/topic/Sport/pose_cpp_pkg/src/install/pose_cpp_topic/bin'
[1.447s] INFO:colcon.colcon_core.shell:Creating package script '/home/quella/ROS2Demo/topic/Sport/pose_cpp_pkg/src/install/pose_cpp_topic/share/pose_cpp_topic/package.ps1'
[1.447s] INFO:colcon.colcon_core.shell:Creating package descriptor '/home/quella/ROS2Demo/topic/Sport/pose_cpp_pkg/src/install/pose_cpp_topic/share/pose_cpp_topic/package.dsv'
[1.448s] INFO:colcon.colcon_core.shell:Creating package script '/home/quella/ROS2Demo/topic/Sport/pose_cpp_pkg/src/install/pose_cpp_topic/share/pose_cpp_topic/package.sh'
[1.448s] INFO:colcon.colcon_core.shell:Creating package script '/home/quella/ROS2Demo/topic/Sport/pose_cpp_pkg/src/install/pose_cpp_topic/share/pose_cpp_topic/package.bash'
[1.448s] INFO:colcon.colcon_core.shell:Creating package script '/home/quella/ROS2Demo/topic/Sport/pose_cpp_pkg/src/install/pose_cpp_topic/share/pose_cpp_topic/package.zsh'
[1.449s] Level 1:colcon.colcon_core.environment:create_file_with_runtime_dependencies(/home/quella/ROS2Demo/topic/Sport/pose_cpp_pkg/src/install/pose_cpp_topic/share/colcon-core/packages/pose_cpp_topic)
[1.449s] DEBUG:colcon.colcon_parallel_executor.executor.parallel:closing loop
[1.449s] DEBUG:colcon.colcon_parallel_executor.executor.parallel:loop closed
[1.450s] DEBUG:colcon.colcon_parallel_executor.executor.parallel:run_until_complete finished with '0'
[1.450s] DEBUG:colcon.colcon_core.event_reactor:joining thread
[1.454s] INFO:colcon.colcon_core.plugin_system:Skipping extension 'colcon_notification.desktop_notification.terminal_notifier': Not used on non-Darwin systems
[1.455s] INFO:colcon.colcon_core.plugin_system:Skipping extension 'colcon_notification.desktop_notification.win32': Not used on non-Windows systems
[1.455s] INFO:colcon.colcon_notification.desktop_notification:Sending desktop notification using 'notify2'
[1.469s] DEBUG:colcon.colcon_core.event_reactor:joined thread
[1.470s] INFO:colcon.colcon_core.shell:Creating prefix script '/home/quella/ROS2Demo/topic/Sport/pose_cpp_pkg/src/install/local_setup.ps1'
[1.471s] INFO:colcon.colcon_core.shell:Creating prefix util module '/home/quella/ROS2Demo/topic/Sport/pose_cpp_pkg/src/install/_local_setup_util_ps1.py'
[1.472s] INFO:colcon.colcon_core.shell:Creating prefix chain script '/home/quella/ROS2Demo/topic/Sport/pose_cpp_pkg/src/install/setup.ps1'
[1.473s] INFO:colcon.colcon_core.shell:Creating prefix script '/home/quella/ROS2Demo/topic/Sport/pose_cpp_pkg/src/install/local_setup.sh'
[1.473s] INFO:colcon.colcon_core.shell:Creating prefix util module '/home/quella/ROS2Demo/topic/Sport/pose_cpp_pkg/src/install/_local_setup_util_sh.py'
[1.474s] INFO:colcon.colcon_core.shell:Creating prefix chain script '/home/quella/ROS2Demo/topic/Sport/pose_cpp_pkg/src/install/setup.sh'
[1.476s] INFO:colcon.colcon_core.shell:Creating prefix script '/home/quella/ROS2Demo/topic/Sport/pose_cpp_pkg/src/install/local_setup.bash'
[1.476s] INFO:colcon.colcon_core.shell:Creating prefix chain script '/home/quella/ROS2Demo/topic/Sport/pose_cpp_pkg/src/install/setup.bash'
[1.477s] INFO:colcon.colcon_core.shell:Creating prefix script '/home/quella/ROS2Demo/topic/Sport/pose_cpp_pkg/src/install/local_setup.zsh'
[1.477s] INFO:colcon.colcon_core.shell:Creating prefix chain script '/home/quella/ROS2Demo/topic/Sport/pose_cpp_pkg/src/install/setup.zsh'
